[2022-07-23 17:50:01] request.CRITICAL: Uncaught PHP Exception SmartyException: "unable to write file D:\webbax\var\cache\prod\smarty\compile\64\3b\4d\643b4da6b3d1dee79de33e033ae95653017d4228_0.file.login_addons.tpl.php" at D:\webbax\vendor\smarty\smarty\libs\sysplugins\smarty_internal_runtime_writefile.php line 90 {"exception":"[object] (SmartyException(code: 0): unable to write file D:\\webbax\\var\\cache\\prod\\smarty\\compile\\64\\3b\\4d\\643b4da6b3d1dee79de33e033ae95653017d4228_0.file.login_addons.tpl.php at D:\\webbax\\vendor\\smarty\\smarty\\libs\\sysplugins\\smarty_internal_runtime_writefile.php:90)"} []
[2022-07-23 18:39:49] request.INFO: Matched route "admin_themes_import". {"route":"admin_themes_import","route_parameters":{"_controller":"PrestaShopBundle\\Controller\\Admin\\Improve\\Design\\ThemeController::importAction","_legacy_controller":"AdminThemes","_legacy_link":"AdminThemes:importtheme","_route":"admin_themes_import"},"request_uri":"http://webbax.ahmed/admin604wgp6sz/index.php/improve/design/themes/import?_token=38Vigc99fecvvyd80qntm6-Qjrub-_Yseb0RGGrxdgM","method":"POST"} []
[2022-07-23 18:39:49] security.DEBUG: Read existing security token from the session. {"key":"_security_main","token_class":"Symfony\\Component\\Security\\Core\\Authentication\\Token\\UsernamePasswordToken"} []
[2022-07-23 18:39:49] security.DEBUG: User was reloaded from a user provider. {"provider":"PrestaShopBundle\\Security\\Admin\\EmployeeProvider","username":"webbax@ctn.fr"} []
[2022-07-23 18:39:52] app.ERROR: No result was found for query although at least one row was expected. {"object_type":"Translation"} []
[2022-07-23 18:39:52] app.ERROR: No result was found for query although at least one row was expected. {"object_type":"Translation"} []
[2022-07-23 18:39:52] app.ERROR: No result was found for query although at least one row was expected. {"object_type":"Translation"} []
[2022-07-23 18:39:52] app.ERROR: No result was found for query although at least one row was expected. {"object_type":"Translation"} []
[2022-07-23 18:39:52] app.ERROR: No result was found for query although at least one row was expected. {"object_type":"Translation"} []
[2022-07-23 18:39:52] app.ERROR: No result was found for query although at least one row was expected. {"object_type":"Translation"} []
[2022-07-23 18:39:52] app.ERROR: No result was found for query although at least one row was expected. {"object_type":"Translation"} []
[2022-07-23 18:39:52] app.ERROR: No result was found for query although at least one row was expected. {"object_type":"Translation"} []
[2022-07-23 18:39:52] app.ERROR: No result was found for query although at least one row was expected. {"object_type":"Translation"} []
[2022-07-23 18:39:52] app.ERROR: No result was found for query although at least one row was expected. {"object_type":"Translation"} []
[2022-07-23 18:39:52] app.ERROR: No result was found for query although at least one row was expected. {"object_type":"Translation"} []
[2022-07-23 18:39:52] app.ERROR: No result was found for query although at least one row was expected. {"object_type":"Translation"} []
[2022-07-23 18:39:52] app.ERROR: No result was found for query although at least one row was expected. {"object_type":"Translation"} []
[2022-07-23 18:39:52] app.ERROR: No result was found for query although at least one row was expected. {"object_type":"Translation"} []
[2022-07-23 18:39:52] app.ERROR: No result was found for query although at least one row was expected. {"object_type":"Translation"} []
[2022-07-23 18:39:52] app.ERROR: No result was found for query although at least one row was expected. {"object_type":"Translation"} []
[2022-07-23 18:39:52] app.ERROR: No result was found for query although at least one row was expected. {"object_type":"Translation"} []
[2022-07-23 18:39:52] app.ERROR: No result was found for query although at least one row was expected. {"object_type":"Translation"} []
[2022-07-23 18:39:52] app.ERROR: No result was found for query although at least one row was expected. {"object_type":"Translation"} []
[2022-07-23 18:39:52] app.ERROR: No result was found for query although at least one row was expected. {"object_type":"Translation"} []
[2022-07-23 18:39:52] app.ERROR: No result was found for query although at least one row was expected. {"object_type":"Translation"} []
[2022-07-23 18:39:52] app.ERROR: No result was found for query although at least one row was expected. {"object_type":"Translation"} []
[2022-07-23 18:39:52] app.ERROR: No result was found for query although at least one row was expected. {"object_type":"Translation"} []
[2022-07-23 18:39:52] app.ERROR: No result was found for query although at least one row was expected. {"object_type":"Translation"} []
[2022-07-23 18:39:52] app.ERROR: No result was found for query although at least one row was expected. {"object_type":"Translation"} []
[2022-07-23 18:39:52] app.ERROR: No result was found for query although at least one row was expected. {"object_type":"Translation"} []
[2022-07-23 18:39:52] app.ERROR: No result was found for query although at least one row was expected. {"object_type":"Translation"} []
[2022-07-23 18:39:52] app.ERROR: No result was found for query although at least one row was expected. {"object_type":"Translation"} []
[2022-07-23 18:39:52] app.ERROR: No result was found for query although at least one row was expected. {"object_type":"Translation"} []
[2022-07-23 18:39:52] app.ERROR: No result was found for query although at least one row was expected. {"object_type":"Translation"} []
[2022-07-23 18:39:52] app.ERROR: No result was found for query although at least one row was expected. {"object_type":"Translation"} []
[2022-07-23 18:39:52] app.ERROR: No result was found for query although at least one row was expected. {"object_type":"Translation"} []
[2022-07-23 18:39:52] app.ERROR: No result was found for query although at least one row was expected. {"object_type":"Translation"} []
[2022-07-23 18:39:52] app.ERROR: No result was found for query although at least one row was expected. {"object_type":"Translation"} []
[2022-07-23 18:39:52] app.ERROR: No result was found for query although at least one row was expected. {"object_type":"Translation"} []
[2022-07-23 18:39:52] app.ERROR: No result was found for query although at least one row was expected. {"object_type":"Translation"} []
[2022-07-23 18:39:52] app.ERROR: No result was found for query although at least one row was expected. {"object_type":"Translation"} []
[2022-07-23 18:39:52] app.ERROR: No result was found for query although at least one row was expected. {"object_type":"Translation"} []
[2022-07-23 18:39:52] app.ERROR: No result was found for query although at least one row was expected. {"object_type":"Translation"} []
[2022-07-23 18:39:52] app.ERROR: No result was found for query although at least one row was expected. {"object_type":"Translation"} []
[2022-07-23 18:39:52] app.ERROR: No result was found for query although at least one row was expected. {"object_type":"Translation"} []
[2022-07-23 18:39:52] app.ERROR: No result was found for query although at least one row was expected. {"object_type":"Translation"} []
[2022-07-23 18:39:52] app.ERROR: No result was found for query although at least one row was expected. {"object_type":"Translation"} []
[2022-07-23 18:39:52] app.ERROR: No result was found for query although at least one row was expected. {"object_type":"Translation"} []
[2022-07-23 18:39:52] app.ERROR: No result was found for query although at least one row was expected. {"object_type":"Translation"} []
[2022-07-23 18:39:52] app.ERROR: No result was found for query although at least one row was expected. {"object_type":"Translation"} []
[2022-07-23 18:39:52] app.ERROR: No result was found for query although at least one row was expected. {"object_type":"Translation"} []
[2022-07-23 18:39:52] app.ERROR: You must specify as many arguments (%d, %s ...) as the original string. {"object_type":"Translation"} []
[2022-07-23 18:39:52] app.ERROR: No result was found for query although at least one row was expected. {"object_type":"Translation"} []
[2022-07-23 18:39:52] app.ERROR: No result was found for query although at least one row was expected. {"object_type":"Translation"} []
[2022-07-23 18:39:52] app.ERROR: No result was found for query although at least one row was expected. {"object_type":"Translation"} []
[2022-07-23 18:39:52] app.ERROR: No result was found for query although at least one row was expected. {"object_type":"Translation"} []
[2022-07-23 18:39:52] app.ERROR: No result was found for query although at least one row was expected. {"object_type":"Translation"} []
[2022-07-23 18:39:52] app.ERROR: No result was found for query although at least one row was expected. {"object_type":"Translation"} []
[2022-07-23 18:39:52] app.ERROR: No result was found for query although at least one row was expected. {"object_type":"Translation"} []
[2022-07-23 18:39:52] app.ERROR: No result was found for query although at least one row was expected. {"object_type":"Translation"} []
[2022-07-23 18:39:52] app.ERROR: No result was found for query although at least one row was expected. {"object_type":"Translation"} []
[2022-07-23 18:39:52] app.ERROR: No result was found for query although at least one row was expected. {"object_type":"Translation"} []
[2022-07-23 18:39:53] app.ERROR: No result was found for query although at least one row was expected. {"object_type":"Translation"} []
[2022-07-23 18:39:53] app.ERROR: No result was found for query although at least one row was expected. {"object_type":"Translation"} []
[2022-07-23 18:39:53] app.ERROR: No result was found for query although at least one row was expected. {"object_type":"Translation"} []
[2022-07-23 18:39:53] app.ERROR: No result was found for query although at least one row was expected. {"object_type":"Translation"} []
[2022-07-23 18:39:53] app.ERROR: No result was found for query although at least one row was expected. {"object_type":"Translation"} []
[2022-07-23 18:39:53] app.ERROR: No result was found for query although at least one row was expected. {"object_type":"Translation"} []
[2022-07-23 18:39:53] app.ERROR: No result was found for query although at least one row was expected. {"object_type":"Translation"} []
[2022-07-23 18:39:53] app.ERROR: No result was found for query although at least one row was expected. {"object_type":"Translation"} []
[2022-07-23 18:39:53] app.ERROR: No result was found for query although at least one row was expected. {"object_type":"Translation"} []
[2022-07-23 18:39:53] app.ERROR: No result was found for query although at least one row was expected. {"object_type":"Translation"} []
[2022-07-23 18:39:53] app.ERROR: No result was found for query although at least one row was expected. {"object_type":"Translation"} []
[2022-07-23 18:39:53] app.ERROR: No result was found for query although at least one row was expected. {"object_type":"Translation"} []
[2022-07-23 18:39:53] app.ERROR: No result was found for query although at least one row was expected. {"object_type":"Translation"} []
[2022-07-23 18:39:53] app.ERROR: No result was found for query although at least one row was expected. {"object_type":"Translation"} []
[2022-07-23 18:39:53] app.ERROR: No result was found for query although at least one row was expected. {"object_type":"Translation"} []
[2022-07-23 18:39:53] app.ERROR: No result was found for query although at least one row was expected. {"object_type":"Translation"} []
[2022-07-23 18:39:53] app.ERROR: No result was found for query although at least one row was expected. {"object_type":"Translation"} []
[2022-07-23 18:39:54] security.DEBUG: Stored the security token in the session. {"key":"_security_main"} []
[2022-07-24 04:15:03] request.CRITICAL: Uncaught PHP Exception Symfony\Component\Filesystem\Exception\IOException: "Cannot rename "D:\webbax\var\cache\prod\app6B7E.tmp" to "D:\webbax\var\cache\prod/appProdProjectContainerUrlMatcher.php"." at D:\webbax\vendor\symfony\symfony\src\Symfony\Component\Filesystem\Filesystem.php line 289 {"exception":"[object] (Symfony\\Component\\Filesystem\\Exception\\IOException(code: 0): Cannot rename \"D:\\webbax\\var\\cache\\prod\\app6B7E.tmp\" to \"D:\\webbax\\var\\cache\\prod/appProdProjectContainerUrlMatcher.php\". at D:\\webbax\\vendor\\symfony\\symfony\\src\\Symfony\\Component\\Filesystem\\Filesystem.php:289)"} []
[2022-07-24 17:08:19] request.CRITICAL: Uncaught PHP Exception SmartyException: "unable to write file D:\webbax\var\cache\prod\smarty\compile\64\3b\4d\643b4da6b3d1dee79de33e033ae95653017d4228_0.file.login_addons.tpl.php" at D:\webbax\vendor\smarty\smarty\libs\sysplugins\smarty_internal_runtime_writefile.php line 90 {"exception":"[object] (SmartyException(code: 0): unable to write file D:\\webbax\\var\\cache\\prod\\smarty\\compile\\64\\3b\\4d\\643b4da6b3d1dee79de33e033ae95653017d4228_0.file.login_addons.tpl.php at D:\\webbax\\vendor\\smarty\\smarty\\libs\\sysplugins\\smarty_internal_runtime_writefile.php:90)"} []
[2022-07-24 17:09:11] request.INFO: Matched route "api_translation_value_edit". {"route":"api_translation_value_edit","route_parameters":{"_controller":"prestashop.core.api.translation.controller:translationEditAction","_legacy_controller":"AdminTranslations","_route":"api_translation_value_edit"},"request_uri":"http://webbax.ahmed/admin604wgp6sz/index.php/api/translations/edit?_token=38Vigc99fecvvyd80qntm6-Qjrub-_Yseb0RGGrxdgM","method":"POST"} []
[2022-07-24 17:09:11] security.DEBUG: Read existing security token from the session. {"key":"_security_main","token_class":"Symfony\\Component\\Security\\Core\\Authentication\\Token\\UsernamePasswordToken"} []
[2022-07-24 17:09:11] security.DEBUG: User was reloaded from a user provider. {"provider":"PrestaShopBundle\\Security\\Admin\\EmployeeProvider","username":"webbax@ctn.fr"} []
[2022-07-24 17:09:11] app.ERROR: No result was found for query although at least one row was expected. {"object_type":"Translation"} []
[2022-07-24 17:09:12] cache.WARNING: Failed to clear the cache {"exception":"[object] (UnexpectedValueException(code: 0): RecursiveDirectoryIterator::__construct(D:\\webbax\\var\\cache\\prod\\pools\\k2CwTze9qD\\): Le chemin d’accès spécifié est introuvable. (code: 3) at D:\\webbax\\vendor\\symfony\\symfony\\src\\Symfony\\Component\\Cache\\Traits\\FilesystemCommonTrait.php:58)"} []
[2022-07-24 17:09:12] cache.WARNING: Failed to clear the cache {"exception":"[object] (UnexpectedValueException(code: 0): RecursiveDirectoryIterator::__construct(D:\\webbax\\var\\cache\\prod\\pools\\mD+NVBeW02\\): Le chemin d’accès spécifié est introuvable. (code: 3) at D:\\webbax\\vendor\\symfony\\symfony\\src\\Symfony\\Component\\Cache\\Traits\\FilesystemCommonTrait.php:58)"} []
[2022-07-24 17:09:12] cache.WARNING: Failed to clear the cache {"exception":"[object] (UnexpectedValueException(code: 0): RecursiveDirectoryIterator::__construct(D:\\webbax\\var\\cache\\prod\\pools\\w94BFqa2NP\\): Le chemin d’accès spécifié est introuvable. (code: 3) at D:\\webbax\\vendor\\symfony\\symfony\\src\\Symfony\\Component\\Cache\\Traits\\FilesystemCommonTrait.php:58)"} []
[2022-07-24 17:09:12] cache.WARNING: Failed to clear the cache {"exception":"[object] (UnexpectedValueException(code: 0): RecursiveDirectoryIterator::__construct(D:\\webbax\\var\\cache\\prod\\pools\\oGA5kPDUCg\\): Le chemin d’accès spécifié est introuvable. (code: 3) at D:\\webbax\\vendor\\symfony\\symfony\\src\\Symfony\\Component\\Cache\\Traits\\FilesystemCommonTrait.php:58)"} []
[2022-07-24 17:09:12] security.DEBUG: Stored the security token in the session. {"key":"_security_main"} []
[2022-07-24 17:13:11] request.CRITICAL: Uncaught PHP Exception SmartyException: "unable to write file D:\webbax\var\cache\prod\smarty\compile\64\3b\4d\643b4da6b3d1dee79de33e033ae95653017d4228_0.file.login_addons.tpl.php" at D:\webbax\vendor\smarty\smarty\libs\sysplugins\smarty_internal_runtime_writefile.php line 90 {"exception":"[object] (SmartyException(code: 0): unable to write file D:\\webbax\\var\\cache\\prod\\smarty\\compile\\64\\3b\\4d\\643b4da6b3d1dee79de33e033ae95653017d4228_0.file.login_addons.tpl.php at D:\\webbax\\vendor\\smarty\\smarty\\libs\\sysplugins\\smarty_internal_runtime_writefile.php:90)"} []
[2022-07-24 17:13:50] request.INFO: Matched route "api_translation_value_edit". {"route":"api_translation_value_edit","route_parameters":{"_controller":"prestashop.core.api.translation.controller:translationEditAction","_legacy_controller":"AdminTranslations","_route":"api_translation_value_edit"},"request_uri":"http://webbax.ahmed/admin604wgp6sz/index.php/api/translations/edit?_token=38Vigc99fecvvyd80qntm6-Qjrub-_Yseb0RGGrxdgM","method":"POST"} []
[2022-07-24 17:13:50] security.DEBUG: Read existing security token from the session. {"key":"_security_main","token_class":"Symfony\\Component\\Security\\Core\\Authentication\\Token\\UsernamePasswordToken"} []
[2022-07-24 17:13:50] security.DEBUG: User was reloaded from a user provider. {"provider":"PrestaShopBundle\\Security\\Admin\\EmployeeProvider","username":"webbax@ctn.fr"} []
[2022-07-24 17:13:50] app.ERROR: No result was found for query although at least one row was expected. {"object_type":"Translation"} []
[2022-07-24 17:13:53] cache.WARNING: Failed to clear the cache {"exception":"[object] (UnexpectedValueException(code: 0): RecursiveDirectoryIterator::__construct(D:\\webbax\\var\\cache\\prod\\pools\\k2CwTze9qD\\): Le chemin d’accès spécifié est introuvable. (code: 3) at D:\\webbax\\vendor\\symfony\\symfony\\src\\Symfony\\Component\\Cache\\Traits\\FilesystemCommonTrait.php:58)"} []
[2022-07-24 17:13:53] cache.WARNING: Failed to clear the cache {"exception":"[object] (UnexpectedValueException(code: 0): RecursiveDirectoryIterator::__construct(D:\\webbax\\var\\cache\\prod\\pools\\mD+NVBeW02\\): Le chemin d’accès spécifié est introuvable. (code: 3) at D:\\webbax\\vendor\\symfony\\symfony\\src\\Symfony\\Component\\Cache\\Traits\\FilesystemCommonTrait.php:58)"} []
[2022-07-24 17:13:53] cache.WARNING: Failed to clear the cache {"exception":"[object] (UnexpectedValueException(code: 0): RecursiveDirectoryIterator::__construct(D:\\webbax\\var\\cache\\prod\\pools\\w94BFqa2NP\\): Le chemin d’accès spécifié est introuvable. (code: 3) at D:\\webbax\\vendor\\symfony\\symfony\\src\\Symfony\\Component\\Cache\\Traits\\FilesystemCommonTrait.php:58)"} []
[2022-07-24 17:13:53] cache.WARNING: Failed to clear the cache {"exception":"[object] (UnexpectedValueException(code: 0): RecursiveDirectoryIterator::__construct(D:\\webbax\\var\\cache\\prod\\pools\\oGA5kPDUCg\\): Le chemin d’accès spécifié est introuvable. (code: 3) at D:\\webbax\\vendor\\symfony\\symfony\\src\\Symfony\\Component\\Cache\\Traits\\FilesystemCommonTrait.php:58)"} []
[2022-07-24 17:13:53] security.DEBUG: Stored the security token in the session. {"key":"_security_main"} []
[2022-07-24 17:16:10] request.CRITICAL: Uncaught PHP Exception SmartyException: "unable to write file D:\webbax\var\cache\prod\smarty\compile\64\3b\4d\643b4da6b3d1dee79de33e033ae95653017d4228_0.file.login_addons.tpl.php" at D:\webbax\vendor\smarty\smarty\libs\sysplugins\smarty_internal_runtime_writefile.php line 90 {"exception":"[object] (SmartyException(code: 0): unable to write file D:\\webbax\\var\\cache\\prod\\smarty\\compile\\64\\3b\\4d\\643b4da6b3d1dee79de33e033ae95653017d4228_0.file.login_addons.tpl.php at D:\\webbax\\vendor\\smarty\\smarty\\libs\\sysplugins\\smarty_internal_runtime_writefile.php:90)"} []
[2022-07-24 17:16:40] request.CRITICAL: Uncaught PHP Exception SmartyException: "unable to write file D:\webbax\var\cache\prod\smarty\compile\64\3b\4d\643b4da6b3d1dee79de33e033ae95653017d4228_0.file.login_addons.tpl.php" at D:\webbax\vendor\smarty\smarty\libs\sysplugins\smarty_internal_runtime_writefile.php line 90 {"exception":"[object] (SmartyException(code: 0): unable to write file D:\\webbax\\var\\cache\\prod\\smarty\\compile\\64\\3b\\4d\\643b4da6b3d1dee79de33e033ae95653017d4228_0.file.login_addons.tpl.php at D:\\webbax\\vendor\\smarty\\smarty\\libs\\sysplugins\\smarty_internal_runtime_writefile.php:90)"} []
[2022-07-24 17:31:05] request.CRITICAL: Uncaught PHP Exception SmartyException: "unable to write file D:\webbax\var\cache\prod\smarty\compile\64\3b\4d\643b4da6b3d1dee79de33e033ae95653017d4228_0.file.login_addons.tpl.php" at D:\webbax\vendor\smarty\smarty\libs\sysplugins\smarty_internal_runtime_writefile.php line 90 {"exception":"[object] (SmartyException(code: 0): unable to write file D:\\webbax\\var\\cache\\prod\\smarty\\compile\\64\\3b\\4d\\643b4da6b3d1dee79de33e033ae95653017d4228_0.file.login_addons.tpl.php at D:\\webbax\\vendor\\smarty\\smarty\\libs\\sysplugins\\smarty_internal_runtime_writefile.php:90)"} []
[2022-07-24 17:37:43] request.CRITICAL: Uncaught PHP Exception SmartyException: "unable to write file D:\webbax\var\cache\prod\smarty\compile\64\3b\4d\643b4da6b3d1dee79de33e033ae95653017d4228_0.file.login_addons.tpl.php" at D:\webbax\vendor\smarty\smarty\libs\sysplugins\smarty_internal_runtime_writefile.php line 90 {"exception":"[object] (SmartyException(code: 0): unable to write file D:\\webbax\\var\\cache\\prod\\smarty\\compile\\64\\3b\\4d\\643b4da6b3d1dee79de33e033ae95653017d4228_0.file.login_addons.tpl.php at D:\\webbax\\vendor\\smarty\\smarty\\libs\\sysplugins\\smarty_internal_runtime_writefile.php:90)"} []
[2022-07-24 17:37:44] request.CRITICAL: Uncaught PHP Exception SmartyException: "unable to write file D:\webbax\var\cache\prod\smarty\compile\64\3b\4d\643b4da6b3d1dee79de33e033ae95653017d4228_0.file.login_addons.tpl.php" at D:\webbax\vendor\smarty\smarty\libs\sysplugins\smarty_internal_runtime_writefile.php line 90 {"exception":"[object] (SmartyException(code: 0): unable to write file D:\\webbax\\var\\cache\\prod\\smarty\\compile\\64\\3b\\4d\\643b4da6b3d1dee79de33e033ae95653017d4228_0.file.login_addons.tpl.php at D:\\webbax\\vendor\\smarty\\smarty\\libs\\sysplugins\\smarty_internal_runtime_writefile.php:90)"} []
[2022-07-24 18:03:23] request.CRITICAL: Uncaught PHP Exception SmartyException: "unable to write file D:\webbax\var\cache\prod\smarty\compile\64\3b\4d\643b4da6b3d1dee79de33e033ae95653017d4228_0.file.login_addons.tpl.php" at D:\webbax\vendor\smarty\smarty\libs\sysplugins\smarty_internal_runtime_writefile.php line 90 {"exception":"[object] (SmartyException(code: 0): unable to write file D:\\webbax\\var\\cache\\prod\\smarty\\compile\\64\\3b\\4d\\643b4da6b3d1dee79de33e033ae95653017d4228_0.file.login_addons.tpl.php at D:\\webbax\\vendor\\smarty\\smarty\\libs\\sysplugins\\smarty_internal_runtime_writefile.php:90)"} []
[2022-07-24 18:04:05] request.CRITICAL: Uncaught PHP Exception SmartyException: "unable to write file D:\webbax\var\cache\prod\smarty\compile\64\3b\4d\643b4da6b3d1dee79de33e033ae95653017d4228_0.file.login_addons.tpl.php" at D:\webbax\vendor\smarty\smarty\libs\sysplugins\smarty_internal_runtime_writefile.php line 90 {"exception":"[object] (SmartyException(code: 0): unable to write file D:\\webbax\\var\\cache\\prod\\smarty\\compile\\64\\3b\\4d\\643b4da6b3d1dee79de33e033ae95653017d4228_0.file.login_addons.tpl.php at D:\\webbax\\vendor\\smarty\\smarty\\libs\\sysplugins\\smarty_internal_runtime_writefile.php:90)"} []
[2022-07-24 18:07:37] request.CRITICAL: Uncaught PHP Exception SmartyException: "unable to write file D:\webbax\var\cache\prod\smarty\compile\64\3b\4d\643b4da6b3d1dee79de33e033ae95653017d4228_0.file.login_addons.tpl.php" at D:\webbax\vendor\smarty\smarty\libs\sysplugins\smarty_internal_runtime_writefile.php line 90 {"exception":"[object] (SmartyException(code: 0): unable to write file D:\\webbax\\var\\cache\\prod\\smarty\\compile\\64\\3b\\4d\\643b4da6b3d1dee79de33e033ae95653017d4228_0.file.login_addons.tpl.php at D:\\webbax\\vendor\\smarty\\smarty\\libs\\sysplugins\\smarty_internal_runtime_writefile.php:90)"} []
[2022-07-24 18:07:44] request.CRITICAL: Uncaught PHP Exception SmartyException: "unable to write file D:\webbax\var\cache\prod\smarty\compile\64\3b\4d\643b4da6b3d1dee79de33e033ae95653017d4228_0.file.login_addons.tpl.php" at D:\webbax\vendor\smarty\smarty\libs\sysplugins\smarty_internal_runtime_writefile.php line 90 {"exception":"[object] (SmartyException(code: 0): unable to write file D:\\webbax\\var\\cache\\prod\\smarty\\compile\\64\\3b\\4d\\643b4da6b3d1dee79de33e033ae95653017d4228_0.file.login_addons.tpl.php at D:\\webbax\\vendor\\smarty\\smarty\\libs\\sysplugins\\smarty_internal_runtime_writefile.php:90)"} []
[2022-07-25 00:30:08] request.CRITICAL: Uncaught PHP Exception SmartyException: "unable to write file D:\webbax\var\cache\prod\smarty\compile\64\3b\4d\643b4da6b3d1dee79de33e033ae95653017d4228_0.file.login_addons.tpl.php" at D:\webbax\vendor\smarty\smarty\libs\sysplugins\smarty_internal_runtime_writefile.php line 90 {"exception":"[object] (SmartyException(code: 0): unable to write file D:\\webbax\\var\\cache\\prod\\smarty\\compile\\64\\3b\\4d\\643b4da6b3d1dee79de33e033ae95653017d4228_0.file.login_addons.tpl.php at D:\\webbax\\vendor\\smarty\\smarty\\libs\\sysplugins\\smarty_internal_runtime_writefile.php:90)"} []
[2022-07-25 00:30:08] request.CRITICAL: Uncaught PHP Exception SmartyException: "unable to write file D:\webbax\var\cache\prod\smarty\compile\64\3b\4d\643b4da6b3d1dee79de33e033ae95653017d4228_0.file.login_addons.tpl.php" at D:\webbax\vendor\smarty\smarty\libs\sysplugins\smarty_internal_runtime_writefile.php line 90 {"exception":"[object] (SmartyException(code: 0): unable to write file D:\\webbax\\var\\cache\\prod\\smarty\\compile\\64\\3b\\4d\\643b4da6b3d1dee79de33e033ae95653017d4228_0.file.login_addons.tpl.php at D:\\webbax\\vendor\\smarty\\smarty\\libs\\sysplugins\\smarty_internal_runtime_writefile.php:90)"} []
[2022-07-25 00:30:08] request.CRITICAL: Exception thrown when handling an exception (RuntimeException: Failed to write cache file "D:\webbax\var\cache\prod/twig/50/502b4e3218eb3447b57a7825196369f040b78e6781556dc3516e2802911692b7.php". at D:\webbax\vendor\twig\twig\src\Cache\FilesystemCache.php line 80) {"exception":"[object] (RuntimeException(code: 0): Failed to write cache file \"D:\\webbax\\var\\cache\\prod/twig/50/502b4e3218eb3447b57a7825196369f040b78e6781556dc3516e2802911692b7.php\". at D:\\webbax\\vendor\\twig\\twig\\src\\Cache\\FilesystemCache.php:80)"} []
[2022-07-25 00:30:08] request.CRITICAL: Exception thrown when handling an exception (Twig\Error\RuntimeError: An exception has been thrown during the rendering of a template ("Failed to write cache file "D:\webbax\var\cache\prod/twig/1a/1a0922857ac9b840e06440e49da680a80b593aed4cdd260bb6f0d45293576a2b.php"."). at D:\webbax\src\PrestaShopBundle\Resources\views\Admin\Exception\error.html.twig line 26) {"exception":"[object] (Twig\\Error\\RuntimeError(code: 0): An exception has been thrown during the rendering of a template (\"Failed to write cache file \"D:\\webbax\\var\\cache\\prod/twig/1a/1a0922857ac9b840e06440e49da680a80b593aed4cdd260bb6f0d45293576a2b.php\".\"). at D:\\webbax\\src\\PrestaShopBundle\\Resources\\views\\Admin\\Exception\\error.html.twig:26, RuntimeException(code: 0): Failed to write cache file \"D:\\webbax\\var\\cache\\prod/twig/1a/1a0922857ac9b840e06440e49da680a80b593aed4cdd260bb6f0d45293576a2b.php\". at D:\\webbax\\vendor\\twig\\twig\\src\\Cache\\FilesystemCache.php:80)"} []
[2022-07-25 00:30:08] request.CRITICAL: Uncaught PHP Exception SmartyException: "unable to write file D:\webbax\var\cache\prod\smarty\compile\64\3b\4d\643b4da6b3d1dee79de33e033ae95653017d4228_0.file.login_addons.tpl.php" at D:\webbax\vendor\smarty\smarty\libs\sysplugins\smarty_internal_runtime_writefile.php line 90 {"exception":"[object] (SmartyException(code: 0): unable to write file D:\\webbax\\var\\cache\\prod\\smarty\\compile\\64\\3b\\4d\\643b4da6b3d1dee79de33e033ae95653017d4228_0.file.login_addons.tpl.php at D:\\webbax\\vendor\\smarty\\smarty\\libs\\sysplugins\\smarty_internal_runtime_writefile.php:90)"} []
[2022-07-25 03:42:40] request.INFO: Matched route "admin_module_manage". {"route":"admin_module_manage","route_parameters":{"category":null,"keyword":null,"_controller":"PrestaShopBundle\\Controller\\Admin\\Improve\\ModuleController::manageAction","_legacy_controller":"AdminModulesManage","_legacy_link":["AdminModulesManage","AdminModulesSf"],"_route":"admin_module_manage"},"request_uri":"http://webbax.ahmed/admin604wgp6sz/index.php/improve/modules/manage?_token=38Vigc99fecvvyd80qntm6-Qjrub-_Yseb0RGGrxdgM","method":"GET"} []
[2022-07-25 03:42:40] security.DEBUG: Read existing security token from the session. {"key":"_security_main","token_class":"Symfony\\Component\\Security\\Core\\Authentication\\Token\\UsernamePasswordToken"} []
[2022-07-25 03:42:40] security.DEBUG: User was reloaded from a user provider. {"provider":"PrestaShopBundle\\Security\\Admin\\EmployeeProvider","username":"webbax@ctn.fr"} []
[2022-07-25 03:42:46] app.ERROR: Data from PrestaShop Addons is invalid, and cannot fallback on cache. [] []
[2022-07-25 03:43:07] security.DEBUG: Stored the security token in the session. {"key":"_security_main"} []
[2022-07-25 03:43:07] request.INFO: Matched route "admin_module_notification_count". {"route":"admin_module_notification_count","route_parameters":{"_controller":"PrestaShopBundle\\Controller\\Admin\\Improve\\Modules\\AlertsController::notificationsCountAction","_legacy_controller":"AdminModulesNotifications","_legacy_link":"AdminModulesNotifications:count","_route":"admin_module_notification_count"},"request_uri":"http://webbax.ahmed/admin604wgp6sz/index.php/improve/modules/alerts/count?_token=38Vigc99fecvvyd80qntm6-Qjrub-_Yseb0RGGrxdgM","method":"GET"} []
[2022-07-25 03:43:08] security.DEBUG: Read existing security token from the session. {"key":"_security_main","token_class":"Symfony\\Component\\Security\\Core\\Authentication\\Token\\UsernamePasswordToken"} []
[2022-07-25 03:43:08] security.DEBUG: User was reloaded from a user provider. {"provider":"PrestaShopBundle\\Security\\Admin\\EmployeeProvider","username":"webbax@ctn.fr"} []
[2022-07-25 03:43:15] app.ERROR: Data from PrestaShop Addons is invalid, and cannot fallback on cache. [] []
[2022-07-25 03:43:17] security.DEBUG: Stored the security token in the session. {"key":"_security_main"} []
[2022-07-25 03:44:38] request.INFO: Matched route "admin_module_configure_action". {"route":"admin_module_configure_action","route_parameters":{"_controller":"PrestaShopBundle\\Controller\\Admin\\Improve\\ModuleController::configureModuleAction","_legacy_controller":"AdminModules","module_name":"ps_imageslider","_route":"admin_module_configure_action"},"request_uri":"http://webbax.ahmed/admin604wgp6sz/index.php/improve/modules/manage/action/configure/ps_imageslider?_token=38Vigc99fecvvyd80qntm6-Qjrub-_Yseb0RGGrxdgM","method":"GET"} []
[2022-07-25 03:44:38] security.DEBUG: Read existing security token from the session. {"key":"_security_main","token_class":"Symfony\\Component\\Security\\Core\\Authentication\\Token\\UsernamePasswordToken"} []
[2022-07-25 03:44:38] security.DEBUG: User was reloaded from a user provider. {"provider":"PrestaShopBundle\\Security\\Admin\\EmployeeProvider","username":"webbax@ctn.fr"} []
[2022-07-25 03:44:43] app.ERROR: Data from PrestaShop Addons is invalid, and cannot fallback on cache. [] []
[2022-07-25 03:44:52] security.DEBUG: Stored the security token in the session. {"key":"_security_main"} []
[2022-07-25 04:12:49] request.INFO: Matched route "admin_module_manage". {"route":"admin_module_manage","route_parameters":{"category":null,"keyword":null,"_controller":"PrestaShopBundle\\Controller\\Admin\\Improve\\ModuleController::manageAction","_legacy_controller":"AdminModulesManage","_legacy_link":["AdminModulesManage","AdminModulesSf"],"_route":"admin_module_manage"},"request_uri":"http://webbax.ahmed/admin604wgp6sz/index.php/improve/modules/manage?_token=38Vigc99fecvvyd80qntm6-Qjrub-_Yseb0RGGrxdgM","method":"GET"} []
[2022-07-25 04:12:49] security.DEBUG: Read existing security token from the session. {"key":"_security_main","token_class":"Symfony\\Component\\Security\\Core\\Authentication\\Token\\UsernamePasswordToken"} []
[2022-07-25 04:12:49] security.DEBUG: User was reloaded from a user provider. {"provider":"PrestaShopBundle\\Security\\Admin\\EmployeeProvider","username":"webbax@ctn.fr"} []
[2022-07-25 04:12:54] app.ERROR: Data from PrestaShop Addons is invalid, and cannot fallback on cache. [] []
[2022-07-25 04:12:58] security.DEBUG: Stored the security token in the session. {"key":"_security_main"} []
[2022-07-25 04:12:59] request.INFO: Matched route "admin_module_notification_count". {"route":"admin_module_notification_count","route_parameters":{"_controller":"PrestaShopBundle\\Controller\\Admin\\Improve\\Modules\\AlertsController::notificationsCountAction","_legacy_controller":"AdminModulesNotifications","_legacy_link":"AdminModulesNotifications:count","_route":"admin_module_notification_count"},"request_uri":"http://webbax.ahmed/admin604wgp6sz/index.php/improve/modules/alerts/count?_token=38Vigc99fecvvyd80qntm6-Qjrub-_Yseb0RGGrxdgM","method":"GET"} []
[2022-07-25 04:12:59] security.DEBUG: Read existing security token from the session. {"key":"_security_main","token_class":"Symfony\\Component\\Security\\Core\\Authentication\\Token\\UsernamePasswordToken"} []
[2022-07-25 04:12:59] security.DEBUG: User was reloaded from a user provider. {"provider":"PrestaShopBundle\\Security\\Admin\\EmployeeProvider","username":"webbax@ctn.fr"} []
[2022-07-25 04:13:04] app.ERROR: Data from PrestaShop Addons is invalid, and cannot fallback on cache. [] []
[2022-07-25 04:13:05] security.DEBUG: Stored the security token in the session. {"key":"_security_main"} []
[2022-07-25 04:13:14] request.INFO: Matched route "admin_module_configure_action". {"route":"admin_module_configure_action","route_parameters":{"_controller":"PrestaShopBundle\\Controller\\Admin\\Improve\\ModuleController::configureModuleAction","_legacy_controller":"AdminModules","module_name":"ps_imageslider","_route":"admin_module_configure_action"},"request_uri":"http://webbax.ahmed/admin604wgp6sz/index.php/improve/modules/manage/action/configure/ps_imageslider?_token=38Vigc99fecvvyd80qntm6-Qjrub-_Yseb0RGGrxdgM","method":"GET"} []
[2022-07-25 04:13:14] security.DEBUG: Read existing security token from the session. {"key":"_security_main","token_class":"Symfony\\Component\\Security\\Core\\Authentication\\Token\\UsernamePasswordToken"} []
[2022-07-25 04:13:14] security.DEBUG: User was reloaded from a user provider. {"provider":"PrestaShopBundle\\Security\\Admin\\EmployeeProvider","username":"webbax@ctn.fr"} []
[2022-07-25 04:13:19] app.ERROR: Data from PrestaShop Addons is invalid, and cannot fallback on cache. [] []
[2022-07-25 04:13:19] security.DEBUG: Stored the security token in the session. {"key":"_security_main"} []
[2022-07-25 04:13:14] request.INFO: Matched route "admin_module_configure_action". {"route":"admin_module_configure_action","route_parameters":{"_controller":"PrestaShopBundle\\Controller\\Admin\\Improve\\ModuleController::configureModuleAction","_legacy_controller":"AdminModules","module_name":"ps_imageslider","_route":"admin_module_configure_action"},"request_uri":"http://webbax.ahmed/admin604wgp6sz/index.php/improve/modules/manage/action/configure/ps_imageslider?_token=38Vigc99fecvvyd80qntm6-Qjrub-_Yseb0RGGrxdgM","method":"GET"} []
[2022-07-25 04:13:19] security.DEBUG: Read existing security token from the session. {"key":"_security_main","token_class":"Symfony\\Component\\Security\\Core\\Authentication\\Token\\UsernamePasswordToken"} []
[2022-07-25 04:13:19] security.DEBUG: User was reloaded from a user provider. {"provider":"PrestaShopBundle\\Security\\Admin\\EmployeeProvider","username":"webbax@ctn.fr"} []
[2022-07-25 04:13:24] app.ERROR: Data from PrestaShop Addons is invalid, and cannot fallback on cache. [] []
[2022-07-25 04:13:25] security.DEBUG: Stored the security token in the session. {"key":"_security_main"} []
[2022-07-25 04:52:54] request.INFO: Matched route "admin_module_import". {"route":"admin_module_import","route_parameters":{"module_name":null,"_controller":"PrestaShopBundle\\Controller\\Admin\\Improve\\ModuleController::importModuleAction","_route":"admin_module_import"},"request_uri":"http://webbax.ahmed/admin604wgp6sz/index.php/improve/modules/import?_token=38Vigc99fecvvyd80qntm6-Qjrub-_Yseb0RGGrxdgM","method":"POST"} []
[2022-07-25 04:52:54] security.DEBUG: Read existing security token from the session. {"key":"_security_main","token_class":"Symfony\\Component\\Security\\Core\\Authentication\\Token\\UsernamePasswordToken"} []
[2022-07-25 04:52:54] security.DEBUG: User was reloaded from a user provider. {"provider":"PrestaShopBundle\\Security\\Admin\\EmployeeProvider","username":"webbax@ctn.fr"} []
[2022-07-25 04:52:54] app.INFO: Protect vendor folder in module avisclients [] []
[2022-07-25 04:52:54] app.INFO: Module avisclients has no vendor folder [] []
[2022-07-25 04:52:54] app.ERROR: Class "ParentAvisController" not found in controllers/admin nor routing file [] []
[2022-07-25 04:52:54] app.ERROR: Cannot register tab "AdminAvisclients" because it already exists [] []
[2022-07-25 04:52:54] security.DEBUG: Stored the security token in the session. {"key":"_security_main"} []
[2022-07-27 13:39:30] request.INFO: Matched route "admin_module_manage". {"route":"admin_module_manage","route_parameters":{"category":null,"keyword":null,"_controller":"PrestaShopBundle\\Controller\\Admin\\Improve\\ModuleController::manageAction","_legacy_controller":"AdminModulesManage","_legacy_link":["AdminModulesManage","AdminModulesSf"],"_route":"admin_module_manage"},"request_uri":"http://webbax.ahmed/admin604wgp6sz/index.php/improve/modules/manage?_token=38Vigc99fecvvyd80qntm6-Qjrub-_Yseb0RGGrxdgM","method":"GET"} []
[2022-07-27 13:39:30] security.DEBUG: Read existing security token from the session. {"key":"_security_main","token_class":"Symfony\\Component\\Security\\Core\\Authentication\\Token\\UsernamePasswordToken"} []
[2022-07-27 13:39:30] security.DEBUG: User was reloaded from a user provider. {"provider":"PrestaShopBundle\\Security\\Admin\\EmployeeProvider","username":"webbax@ctn.fr"} []
[2022-07-27 13:39:36] app.ERROR: Data from PrestaShop Addons is invalid, and cannot fallback on cache. [] []
[2022-07-27 13:39:39] security.DEBUG: Stored the security token in the session. {"key":"_security_main"} []
[2022-07-27 13:39:32] request.INFO: Matched route "admin_module_manage". {"route":"admin_module_manage","route_parameters":{"category":null,"keyword":null,"_controller":"PrestaShopBundle\\Controller\\Admin\\Improve\\ModuleController::manageAction","_legacy_controller":"AdminModulesManage","_legacy_link":["AdminModulesManage","AdminModulesSf"],"_route":"admin_module_manage"},"request_uri":"http://webbax.ahmed/admin604wgp6sz/index.php/improve/modules/manage?_token=38Vigc99fecvvyd80qntm6-Qjrub-_Yseb0RGGrxdgM","method":"GET"} []
[2022-07-27 13:39:39] security.DEBUG: Read existing security token from the session. {"key":"_security_main","token_class":"Symfony\\Component\\Security\\Core\\Authentication\\Token\\UsernamePasswordToken"} []
[2022-07-27 13:39:39] security.DEBUG: User was reloaded from a user provider. {"provider":"PrestaShopBundle\\Security\\Admin\\EmployeeProvider","username":"webbax@ctn.fr"} []
[2022-07-27 13:39:44] app.ERROR: Data from PrestaShop Addons is invalid, and cannot fallback on cache. [] []
[2022-07-27 13:39:45] security.DEBUG: Stored the security token in the session. {"key":"_security_main"} []
[2022-07-27 13:39:46] request.INFO: Matched route "admin_module_notification_count". {"route":"admin_module_notification_count","route_parameters":{"_controller":"PrestaShopBundle\\Controller\\Admin\\Improve\\Modules\\AlertsController::notificationsCountAction","_legacy_controller":"AdminModulesNotifications","_legacy_link":"AdminModulesNotifications:count","_route":"admin_module_notification_count"},"request_uri":"http://webbax.ahmed/admin604wgp6sz/index.php/improve/modules/alerts/count?_token=38Vigc99fecvvyd80qntm6-Qjrub-_Yseb0RGGrxdgM","method":"GET"} []
[2022-07-27 13:39:46] security.DEBUG: Read existing security token from the session. {"key":"_security_main","token_class":"Symfony\\Component\\Security\\Core\\Authentication\\Token\\UsernamePasswordToken"} []
[2022-07-27 13:39:46] security.DEBUG: User was reloaded from a user provider. {"provider":"PrestaShopBundle\\Security\\Admin\\EmployeeProvider","username":"webbax@ctn.fr"} []
[2022-07-27 13:39:51] app.ERROR: Data from PrestaShop Addons is invalid, and cannot fallback on cache. [] []
[2022-07-27 13:39:52] security.DEBUG: Stored the security token in the session. {"key":"_security_main"} []
[2022-07-27 16:50:11] request.CRITICAL: Uncaught PHP Exception Symfony\Component\Filesystem\Exception\IOException: "Cannot rename "D:\webbax\var\cache\prod\app6B32.tmp" to "D:\webbax\var\cache\prod/appProdProjectContainerUrlMatcher.php"." at D:\webbax\vendor\symfony\symfony\src\Symfony\Component\Filesystem\Filesystem.php line 289 {"exception":"[object] (Symfony\\Component\\Filesystem\\Exception\\IOException(code: 0): Cannot rename \"D:\\webbax\\var\\cache\\prod\\app6B32.tmp\" to \"D:\\webbax\\var\\cache\\prod/appProdProjectContainerUrlMatcher.php\". at D:\\webbax\\vendor\\symfony\\symfony\\src\\Symfony\\Component\\Filesystem\\Filesystem.php:289)"} []
[2022-07-27 17:39:29] request.CRITICAL: Uncaught PHP Exception Symfony\Component\Filesystem\Exception\IOException: "Cannot rename "D:\webbax\var\cache\prod\appB3E0.tmp" to "D:\webbax\var\cache\prod/appProdProjectContainerUrlMatcher.php"." at D:\webbax\vendor\symfony\symfony\src\Symfony\Component\Filesystem\Filesystem.php line 289 {"exception":"[object] (Symfony\\Component\\Filesystem\\Exception\\IOException(code: 0): Cannot rename \"D:\\webbax\\var\\cache\\prod\\appB3E0.tmp\" to \"D:\\webbax\\var\\cache\\prod/appProdProjectContainerUrlMatcher.php\". at D:\\webbax\\vendor\\symfony\\symfony\\src\\Symfony\\Component\\Filesystem\\Filesystem.php:289)"} []
[2022-07-28 00:19:41] request.CRITICAL: Uncaught PHP Exception SmartyException: "unable to write file D:\webbax\var\cache\prod\smarty\compile\64\3b\4d\643b4da6b3d1dee79de33e033ae95653017d4228_0.file.login_addons.tpl.php" at D:\webbax\vendor\smarty\smarty\libs\sysplugins\smarty_internal_runtime_writefile.php line 90 {"exception":"[object] (SmartyException(code: 0): unable to write file D:\\webbax\\var\\cache\\prod\\smarty\\compile\\64\\3b\\4d\\643b4da6b3d1dee79de33e033ae95653017d4228_0.file.login_addons.tpl.php at D:\\webbax\\vendor\\smarty\\smarty\\libs\\sysplugins\\smarty_internal_runtime_writefile.php:90)"} []
[2022-07-28 00:19:41] request.CRITICAL: Uncaught PHP Exception SmartyException: "unable to write file D:\webbax\var\cache\prod\smarty\compile\64\3b\4d\643b4da6b3d1dee79de33e033ae95653017d4228_0.file.login_addons.tpl.php" at D:\webbax\vendor\smarty\smarty\libs\sysplugins\smarty_internal_runtime_writefile.php line 90 {"exception":"[object] (SmartyException(code: 0): unable to write file D:\\webbax\\var\\cache\\prod\\smarty\\compile\\64\\3b\\4d\\643b4da6b3d1dee79de33e033ae95653017d4228_0.file.login_addons.tpl.php at D:\\webbax\\vendor\\smarty\\smarty\\libs\\sysplugins\\smarty_internal_runtime_writefile.php:90)"} []
[2022-07-28 00:19:41] request.CRITICAL: Uncaught PHP Exception SmartyException: "unable to write file D:\webbax\var\cache\prod\smarty\compile\64\3b\4d\643b4da6b3d1dee79de33e033ae95653017d4228_0.file.login_addons.tpl.php" at D:\webbax\vendor\smarty\smarty\libs\sysplugins\smarty_internal_runtime_writefile.php line 90 {"exception":"[object] (SmartyException(code: 0): unable to write file D:\\webbax\\var\\cache\\prod\\smarty\\compile\\64\\3b\\4d\\643b4da6b3d1dee79de33e033ae95653017d4228_0.file.login_addons.tpl.php at D:\\webbax\\vendor\\smarty\\smarty\\libs\\sysplugins\\smarty_internal_runtime_writefile.php:90)"} []
[2022-07-28 00:19:41] cache.WARNING: Failed to save key "%5BSymfony%5CBundle%5CTwigBundle%5CController%5CExceptionController%23showAction%5D%5B1%5D" (array) {"key":"%5BSymfony%5CBundle%5CTwigBundle%5CController%5CExceptionController%23showAction%5D%5B1%5D","type":"array","exception":"[object] (ErrorException(code: 0): rename(D:\\webbax\\var\\cache\\prod\\pools\\oGA5kPDUCg\\62e1b9fda834b3.09110779,D:\\webbax\\var\\cache\\prod\\pools\\oGA5kPDUCg\\G\\L\\kXiRBg8knFWfFWAncbev): Accès refusé. (code: 5) at D:\\webbax\\vendor\\symfony\\symfony\\src\\Symfony\\Component\\Cache\\Traits\\FilesystemCommonTrait.php:93)"} []
[2022-07-28 00:19:42] request.CRITICAL: Uncaught PHP Exception SmartyException: "unable to write file D:\webbax\var\cache\prod\smarty\compile\64\3b\4d\643b4da6b3d1dee79de33e033ae95653017d4228_0.file.login_addons.tpl.php" at D:\webbax\vendor\smarty\smarty\libs\sysplugins\smarty_internal_runtime_writefile.php line 90 {"exception":"[object] (SmartyException(code: 0): unable to write file D:\\webbax\\var\\cache\\prod\\smarty\\compile\\64\\3b\\4d\\643b4da6b3d1dee79de33e033ae95653017d4228_0.file.login_addons.tpl.php at D:\\webbax\\vendor\\smarty\\smarty\\libs\\sysplugins\\smarty_internal_runtime_writefile.php:90)"} []
[2022-07-28 00:19:42] request.CRITICAL: Exception thrown when handling an exception (Twig\Error\RuntimeError: An exception has been thrown during the rendering of a template ("Failed to write cache file "D:\webbax\var\cache\prod/twig/9c/9c4a60628871ab270bf58414ca9b499f50174c61125080060511427bd45ed167.php"."). at D:\webbax\app\Resources\TwigBundle\views\Exception\error.html.twig line 26) {"exception":"[object] (Twig\\Error\\RuntimeError(code: 0): An exception has been thrown during the rendering of a template (\"Failed to write cache file \"D:\\webbax\\var\\cache\\prod/twig/9c/9c4a60628871ab270bf58414ca9b499f50174c61125080060511427bd45ed167.php\".\"). at D:\\webbax\\app\\Resources\\TwigBundle\\views\\Exception\\error.html.twig:26, RuntimeException(code: 0): Failed to write cache file \"D:\\webbax\\var\\cache\\prod/twig/9c/9c4a60628871ab270bf58414ca9b499f50174c61125080060511427bd45ed167.php\". at D:\\webbax\\vendor\\twig\\twig\\src\\Cache\\FilesystemCache.php:80)"} []
[2022-07-28 00:19:42] request.CRITICAL: Exception thrown when handling an exception (Twig\Error\RuntimeError: An exception has been thrown during the rendering of a template ("Failed to write cache file "D:\webbax\var\cache\prod/twig/1a/1a0922857ac9b840e06440e49da680a80b593aed4cdd260bb6f0d45293576a2b.php"."). at D:\webbax\src\PrestaShopBundle\Resources\views\Admin\Exception\error.html.twig line 26) {"exception":"[object] (Twig\\Error\\RuntimeError(code: 0): An exception has been thrown during the rendering of a template (\"Failed to write cache file \"D:\\webbax\\var\\cache\\prod/twig/1a/1a0922857ac9b840e06440e49da680a80b593aed4cdd260bb6f0d45293576a2b.php\".\"). at D:\\webbax\\src\\PrestaShopBundle\\Resources\\views\\Admin\\Exception\\error.html.twig:26, RuntimeException(code: 0): Failed to write cache file \"D:\\webbax\\var\\cache\\prod/twig/1a/1a0922857ac9b840e06440e49da680a80b593aed4cdd260bb6f0d45293576a2b.php\". at D:\\webbax\\vendor\\twig\\twig\\src\\Cache\\FilesystemCache.php:80)"} []
[2022-08-18 00:57:30] request.CRITICAL: Uncaught PHP Exception SmartyException: "unable to write file D:\webbax\var\cache\prod\smarty\compile\64\3b\4d\643b4da6b3d1dee79de33e033ae95653017d4228_0.file.login_addons.tpl.php" at D:\webbax\vendor\smarty\smarty\libs\sysplugins\smarty_internal_runtime_writefile.php line 90 {"exception":"[object] (SmartyException(code: 0): unable to write file D:\\webbax\\var\\cache\\prod\\smarty\\compile\\64\\3b\\4d\\643b4da6b3d1dee79de33e033ae95653017d4228_0.file.login_addons.tpl.php at D:\\webbax\\vendor\\smarty\\smarty\\libs\\sysplugins\\smarty_internal_runtime_writefile.php:90)"} []
[2022-08-18 00:57:30] request.CRITICAL: Uncaught PHP Exception SmartyException: "unable to write file D:\webbax\var\cache\prod\smarty\compile\64\3b\4d\643b4da6b3d1dee79de33e033ae95653017d4228_0.file.login_addons.tpl.php" at D:\webbax\vendor\smarty\smarty\libs\sysplugins\smarty_internal_runtime_writefile.php line 90 {"exception":"[object] (SmartyException(code: 0): unable to write file D:\\webbax\\var\\cache\\prod\\smarty\\compile\\64\\3b\\4d\\643b4da6b3d1dee79de33e033ae95653017d4228_0.file.login_addons.tpl.php at D:\\webbax\\vendor\\smarty\\smarty\\libs\\sysplugins\\smarty_internal_runtime_writefile.php:90)"} []
[2022-08-18 01:00:20] request.CRITICAL: Uncaught PHP Exception Symfony\Component\Filesystem\Exception\IOException: "Cannot rename "D:\webbax\var\cache\prod\app746F.tmp" to "D:\webbax\var\cache\prod/appProdProjectContainerUrlMatcher.php"." at D:\webbax\vendor\symfony\symfony\src\Symfony\Component\Filesystem\Filesystem.php line 289 {"exception":"[object] (Symfony\\Component\\Filesystem\\Exception\\IOException(code: 0): Cannot rename \"D:\\webbax\\var\\cache\\prod\\app746F.tmp\" to \"D:\\webbax\\var\\cache\\prod/appProdProjectContainerUrlMatcher.php\". at D:\\webbax\\vendor\\symfony\\symfony\\src\\Symfony\\Component\\Filesystem\\Filesystem.php:289)"} []
[2022-08-20 03:59:35] request.CRITICAL: Uncaught PHP Exception SmartyException: "unable to write file D:\webbax\var\cache\prod\smarty\compile\64\3b\4d\643b4da6b3d1dee79de33e033ae95653017d4228_0.file.login_addons.tpl.php" at D:\webbax\vendor\smarty\smarty\libs\sysplugins\smarty_internal_runtime_writefile.php line 90 {"exception":"[object] (SmartyException(code: 0): unable to write file D:\\webbax\\var\\cache\\prod\\smarty\\compile\\64\\3b\\4d\\643b4da6b3d1dee79de33e033ae95653017d4228_0.file.login_addons.tpl.php at D:\\webbax\\vendor\\smarty\\smarty\\libs\\sysplugins\\smarty_internal_runtime_writefile.php:90)"} []
[2022-08-20 03:59:35] request.CRITICAL: Uncaught PHP Exception SmartyException: "unable to write file D:\webbax\var\cache\prod\smarty\compile\64\3b\4d\643b4da6b3d1dee79de33e033ae95653017d4228_0.file.login_addons.tpl.php" at D:\webbax\vendor\smarty\smarty\libs\sysplugins\smarty_internal_runtime_writefile.php line 90 {"exception":"[object] (SmartyException(code: 0): unable to write file D:\\webbax\\var\\cache\\prod\\smarty\\compile\\64\\3b\\4d\\643b4da6b3d1dee79de33e033ae95653017d4228_0.file.login_addons.tpl.php at D:\\webbax\\vendor\\smarty\\smarty\\libs\\sysplugins\\smarty_internal_runtime_writefile.php:90)"} []
[2022-08-20 03:59:35] request.CRITICAL: Uncaught PHP Exception SmartyException: "unable to write file D:\webbax\var\cache\prod\smarty\compile\64\3b\4d\643b4da6b3d1dee79de33e033ae95653017d4228_0.file.login_addons.tpl.php" at D:\webbax\vendor\smarty\smarty\libs\sysplugins\smarty_internal_runtime_writefile.php line 90 {"exception":"[object] (SmartyException(code: 0): unable to write file D:\\webbax\\var\\cache\\prod\\smarty\\compile\\64\\3b\\4d\\643b4da6b3d1dee79de33e033ae95653017d4228_0.file.login_addons.tpl.php at D:\\webbax\\vendor\\smarty\\smarty\\libs\\sysplugins\\smarty_internal_runtime_writefile.php:90)"} []
[2022-08-20 03:59:36] cache.WARNING: Failed to save key "%5BSymfony%5CBundle%5CTwigBundle%5CController%5CExceptionController%5D%5B1%5D" (array) {"key":"%5BSymfony%5CBundle%5CTwigBundle%5CController%5CExceptionController%5D%5B1%5D","type":"array","exception":"[object] (ErrorException(code: 0): rename(D:\\webbax\\var\\cache\\prod\\pools\\oGA5kPDUCg\\630040085a6f18.24727771,D:\\webbax\\var\\cache\\prod\\pools\\oGA5kPDUCg\\C\\M\\GnmnHw2GjaUzqH1iBvHe): Accès refusé. (code: 5) at D:\\webbax\\vendor\\symfony\\symfony\\src\\Symfony\\Component\\Cache\\Traits\\FilesystemCommonTrait.php:93)"} []
[2022-08-20 03:59:37] request.CRITICAL: Exception thrown when handling an exception (RuntimeException: Unable to create the cache directory (D:\webbax\var\cache\prod/twig/50). at D:\webbax\vendor\twig\twig\src\Cache\FilesystemCache.php line 57) {"exception":"[object] (RuntimeException(code: 0): Unable to create the cache directory (D:\\webbax\\var\\cache\\prod/twig/50). at D:\\webbax\\vendor\\twig\\twig\\src\\Cache\\FilesystemCache.php:57)"} []
[2022-08-20 04:05:21] request.INFO: Matched route "admin_module_manage". {"route":"admin_module_manage","route_parameters":{"category":null,"keyword":null,"_controller":"PrestaShopBundle\\Controller\\Admin\\Improve\\ModuleController::manageAction","_legacy_controller":"AdminModulesManage","_legacy_link":["AdminModulesManage","AdminModulesSf"],"_route":"admin_module_manage"},"request_uri":"http://webbax.ahmed/admin604wgp6sz/index.php/improve/modules/manage?_token=mIBnxF-4iamlnjkCGOm0z1Mj-GmampE16AZ3KXUfTr8","method":"GET"} []
[2022-08-20 04:05:21] security.DEBUG: Read existing security token from the session. {"key":"_security_main","token_class":"Symfony\\Component\\Security\\Core\\Authentication\\Token\\UsernamePasswordToken"} []
[2022-08-20 04:05:21] security.DEBUG: User was reloaded from a user provider. {"provider":"PrestaShopBundle\\Security\\Admin\\EmployeeProvider","username":"webbax@ctn.fr"} []
[2022-08-20 04:05:26] app.ERROR: Data from PrestaShop Addons is invalid, and cannot fallback on cache. [] []
[2022-08-20 04:05:43] security.DEBUG: Stored the security token in the session. {"key":"_security_main"} []
[2022-08-20 04:05:44] request.INFO: Matched route "admin_module_notification_count". {"route":"admin_module_notification_count","route_parameters":{"_controller":"PrestaShopBundle\\Controller\\Admin\\Improve\\Modules\\AlertsController::notificationsCountAction","_legacy_controller":"AdminModulesNotifications","_legacy_link":"AdminModulesNotifications:count","_route":"admin_module_notification_count"},"request_uri":"http://webbax.ahmed/admin604wgp6sz/index.php/improve/modules/alerts/count?_token=mIBnxF-4iamlnjkCGOm0z1Mj-GmampE16AZ3KXUfTr8","method":"GET"} []
[2022-08-20 04:05:44] security.DEBUG: Read existing security token from the session. {"key":"_security_main","token_class":"Symfony\\Component\\Security\\Core\\Authentication\\Token\\UsernamePasswordToken"} []
[2022-08-20 04:05:44] security.DEBUG: User was reloaded from a user provider. {"provider":"PrestaShopBundle\\Security\\Admin\\EmployeeProvider","username":"webbax@ctn.fr"} []
[2022-08-20 04:05:49] app.ERROR: Data from PrestaShop Addons is invalid, and cannot fallback on cache. [] []
[2022-08-20 04:05:50] security.DEBUG: Stored the security token in the session. {"key":"_security_main"} []
[2022-08-20 04:05:52] request.INFO: Matched route "admin_module_manage_action". {"route":"admin_module_manage_action","route_parameters":{"_controller":"PrestaShopBundle\\Controller\\Admin\\Improve\\ModuleController::moduleAction","action":"uninstall","module_name":"avisclients","_route":"admin_module_manage_action"},"request_uri":"http://webbax.ahmed/admin604wgp6sz/index.php/improve/modules/manage/action/uninstall/avisclients?_token=mIBnxF-4iamlnjkCGOm0z1Mj-GmampE16AZ3KXUfTr8","method":"POST"} []
[2022-08-20 04:05:52] security.DEBUG: Read existing security token from the session. {"key":"_security_main","token_class":"Symfony\\Component\\Security\\Core\\Authentication\\Token\\UsernamePasswordToken"} []
[2022-08-20 04:05:52] security.DEBUG: User was reloaded from a user provider. {"provider":"PrestaShopBundle\\Security\\Admin\\EmployeeProvider","username":"webbax@ctn.fr"} []
[2022-08-20 04:05:57] app.ERROR: Data from PrestaShop Addons is invalid, and cannot fallback on cache. [] []
[2022-08-20 04:05:58] security.DEBUG: Stored the security token in the session. {"key":"_security_main"} []
[2022-08-20 04:06:27] request.INFO: Matched route "admin_module_manage". {"route":"admin_module_manage","route_parameters":{"category":null,"keyword":null,"_controller":"PrestaShopBundle\\Controller\\Admin\\Improve\\ModuleController::manageAction","_legacy_controller":"AdminModulesManage","_legacy_link":["AdminModulesManage","AdminModulesSf"],"_route":"admin_module_manage"},"request_uri":"http://webbax.ahmed/admin604wgp6sz/index.php/improve/modules/manage?_token=mIBnxF-4iamlnjkCGOm0z1Mj-GmampE16AZ3KXUfTr8","method":"GET"} []
[2022-08-20 04:06:27] security.DEBUG: Read existing security token from the session. {"key":"_security_main","token_class":"Symfony\\Component\\Security\\Core\\Authentication\\Token\\UsernamePasswordToken"} []
[2022-08-20 04:06:27] security.DEBUG: User was reloaded from a user provider. {"provider":"PrestaShopBundle\\Security\\Admin\\EmployeeProvider","username":"webbax@ctn.fr"} []
[2022-08-20 04:06:40] app.ERROR: Data from PrestaShop Addons is invalid, and cannot fallback on cache. [] []
[2022-08-20 04:06:45] security.DEBUG: Stored the security token in the session. {"key":"_security_main"} []
[2022-08-20 04:06:46] request.INFO: Matched route "admin_module_notification_count". {"route":"admin_module_notification_count","route_parameters":{"_controller":"PrestaShopBundle\\Controller\\Admin\\Improve\\Modules\\AlertsController::notificationsCountAction","_legacy_controller":"AdminModulesNotifications","_legacy_link":"AdminModulesNotifications:count","_route":"admin_module_notification_count"},"request_uri":"http://webbax.ahmed/admin604wgp6sz/index.php/improve/modules/alerts/count?_token=mIBnxF-4iamlnjkCGOm0z1Mj-GmampE16AZ3KXUfTr8","method":"GET"} []
[2022-08-20 04:06:46] security.DEBUG: Read existing security token from the session. {"key":"_security_main","token_class":"Symfony\\Component\\Security\\Core\\Authentication\\Token\\UsernamePasswordToken"} []
[2022-08-20 04:06:46] security.DEBUG: User was reloaded from a user provider. {"provider":"PrestaShopBundle\\Security\\Admin\\EmployeeProvider","username":"webbax@ctn.fr"} []
[2022-08-20 04:06:51] app.ERROR: Data from PrestaShop Addons is invalid, and cannot fallback on cache. [] []
[2022-08-20 04:06:51] security.DEBUG: Stored the security token in the session. {"key":"_security_main"} []
[2022-08-20 04:19:45] request.INFO: Matched route "admin_module_import". {"route":"admin_module_import","route_parameters":{"module_name":null,"_controller":"PrestaShopBundle\\Controller\\Admin\\Improve\\ModuleController::importModuleAction","_route":"admin_module_import"},"request_uri":"http://webbax.ahmed/admin604wgp6sz/index.php/improve/modules/import?_token=mIBnxF-4iamlnjkCGOm0z1Mj-GmampE16AZ3KXUfTr8","method":"POST"} []
[2022-08-20 04:19:45] security.DEBUG: Read existing security token from the session. {"key":"_security_main","token_class":"Symfony\\Component\\Security\\Core\\Authentication\\Token\\UsernamePasswordToken"} []
[2022-08-20 04:19:45] security.DEBUG: User was reloaded from a user provider. {"provider":"PrestaShopBundle\\Security\\Admin\\EmployeeProvider","username":"webbax@ctn.fr"} []
[2022-08-20 04:19:51] app.ERROR: Data from PrestaShop Addons is invalid, and cannot fallback on cache. [] []
[2022-08-20 04:19:51] app.INFO: Protect vendor folder in module avisclients_1 [] []
[2022-08-20 04:19:51] app.INFO: Module avisclients_1 has no vendor folder [] []
[2022-08-20 04:19:51] security.DEBUG: Stored the security token in the session. {"key":"_security_main"} []
[2022-08-20 04:20:32] request.INFO: Matched route "admin_module_configure_action". {"route":"admin_module_configure_action","route_parameters":{"_controller":"PrestaShopBundle\\Controller\\Admin\\Improve\\ModuleController::configureModuleAction","_legacy_controller":"AdminModules","module_name":"avisclients_1","_route":"admin_module_configure_action"},"request_uri":"http://webbax.ahmed/admin604wgp6sz/index.php/improve/modules/manage/action/configure/avisclients_1?_token=mIBnxF-4iamlnjkCGOm0z1Mj-GmampE16AZ3KXUfTr8","method":"GET"} []
[2022-08-20 04:20:32] security.DEBUG: Read existing security token from the session. {"key":"_security_main","token_class":"Symfony\\Component\\Security\\Core\\Authentication\\Token\\UsernamePasswordToken"} []
[2022-08-20 04:20:32] security.DEBUG: User was reloaded from a user provider. {"provider":"PrestaShopBundle\\Security\\Admin\\EmployeeProvider","username":"webbax@ctn.fr"} []
[2022-08-20 04:20:46] app.ERROR: Data from PrestaShop Addons is invalid, and cannot fallback on cache. [] []
[2022-08-20 04:20:46] security.DEBUG: Stored the security token in the session. {"key":"_security_main"} []
[2022-08-20 04:20:34] request.INFO: Matched route "admin_module_configure_action". {"route":"admin_module_configure_action","route_parameters":{"_controller":"PrestaShopBundle\\Controller\\Admin\\Improve\\ModuleController::configureModuleAction","_legacy_controller":"AdminModules","module_name":"avisclients_1","_route":"admin_module_configure_action"},"request_uri":"http://webbax.ahmed/admin604wgp6sz/index.php/improve/modules/manage/action/configure/avisclients_1?_token=mIBnxF-4iamlnjkCGOm0z1Mj-GmampE16AZ3KXUfTr8","method":"GET"} []
[2022-08-20 04:20:46] security.DEBUG: Read existing security token from the session. {"key":"_security_main","token_class":"Symfony\\Component\\Security\\Core\\Authentication\\Token\\UsernamePasswordToken"} []
[2022-08-20 04:20:46] security.DEBUG: User was reloaded from a user provider. {"provider":"PrestaShopBundle\\Security\\Admin\\EmployeeProvider","username":"webbax@ctn.fr"} []
[2022-08-20 04:20:51] app.ERROR: Data from PrestaShop Addons is invalid, and cannot fallback on cache. [] []
[2022-08-20 04:20:52] security.DEBUG: Stored the security token in the session. {"key":"_security_main"} []
[2022-08-20 04:22:19] request.INFO: Matched route "admin_module_manage". {"route":"admin_module_manage","route_parameters":{"category":null,"keyword":null,"_controller":"PrestaShopBundle\\Controller\\Admin\\Improve\\ModuleController::manageAction","_legacy_controller":"AdminModulesManage","_legacy_link":["AdminModulesManage","AdminModulesSf"],"_route":"admin_module_manage"},"request_uri":"http://webbax.ahmed/admin604wgp6sz/index.php/improve/modules/manage?_token=mIBnxF-4iamlnjkCGOm0z1Mj-GmampE16AZ3KXUfTr8","method":"GET"} []
[2022-08-20 04:22:19] security.DEBUG: Read existing security token from the session. {"key":"_security_main","token_class":"Symfony\\Component\\Security\\Core\\Authentication\\Token\\UsernamePasswordToken"} []
[2022-08-20 04:22:19] security.DEBUG: User was reloaded from a user provider. {"provider":"PrestaShopBundle\\Security\\Admin\\EmployeeProvider","username":"webbax@ctn.fr"} []
[2022-08-20 04:22:24] app.ERROR: Data from PrestaShop Addons is invalid, and cannot fallback on cache. [] []
[2022-08-20 04:22:31] security.DEBUG: Stored the security token in the session. {"key":"_security_main"} []
[2022-08-20 04:22:32] request.INFO: Matched route "admin_module_notification_count". {"route":"admin_module_notification_count","route_parameters":{"_controller":"PrestaShopBundle\\Controller\\Admin\\Improve\\Modules\\AlertsController::notificationsCountAction","_legacy_controller":"AdminModulesNotifications","_legacy_link":"AdminModulesNotifications:count","_route":"admin_module_notification_count"},"request_uri":"http://webbax.ahmed/admin604wgp6sz/index.php/improve/modules/alerts/count?_token=mIBnxF-4iamlnjkCGOm0z1Mj-GmampE16AZ3KXUfTr8","method":"GET"} []
[2022-08-20 04:22:32] security.DEBUG: Read existing security token from the session. {"key":"_security_main","token_class":"Symfony\\Component\\Security\\Core\\Authentication\\Token\\UsernamePasswordToken"} []
[2022-08-20 04:22:32] security.DEBUG: User was reloaded from a user provider. {"provider":"PrestaShopBundle\\Security\\Admin\\EmployeeProvider","username":"webbax@ctn.fr"} []
[2022-08-20 04:22:37] app.ERROR: Data from PrestaShop Addons is invalid, and cannot fallback on cache. [] []
[2022-08-20 04:22:37] security.DEBUG: Stored the security token in the session. {"key":"_security_main"} []
[2022-08-20 04:52:53] request.INFO: Matched route "admin_module_manage". {"route":"admin_module_manage","route_parameters":{"category":null,"keyword":null,"_controller":"PrestaShopBundle\\Controller\\Admin\\Improve\\ModuleController::manageAction","_legacy_controller":"AdminModulesManage","_legacy_link":["AdminModulesManage","AdminModulesSf"],"_route":"admin_module_manage"},"request_uri":"http://webbax.ahmed/admin604wgp6sz/index.php/improve/modules/manage?_token=mIBnxF-4iamlnjkCGOm0z1Mj-GmampE16AZ3KXUfTr8","method":"GET"} []
[2022-08-20 04:52:53] security.DEBUG: Read existing security token from the session. {"key":"_security_main","token_class":"Symfony\\Component\\Security\\Core\\Authentication\\Token\\UsernamePasswordToken"} []
[2022-08-20 04:52:53] security.DEBUG: User was reloaded from a user provider. {"provider":"PrestaShopBundle\\Security\\Admin\\EmployeeProvider","username":"webbax@ctn.fr"} []
[2022-08-20 04:52:58] request.CRITICAL: Uncaught PHP Exception Symfony\Component\Debug\Exception\FatalThrowableError: "Parse error: syntax error, unexpected 'include' (T_INCLUDE), expecting ';' or '{'" at D:\webbax\modules\avisclients_1\avisclients_1.php line 71 {"exception":"[object] (Symfony\\Component\\Debug\\Exception\\FatalThrowableError(code: 0): Parse error: syntax error, unexpected 'include' (T_INCLUDE), expecting ';' or '{' at D:\\webbax\\modules\\avisclients_1\\avisclients_1.php:71)"} []
[2022-08-20 04:52:59] security.DEBUG: Stored the security token in the session. {"key":"_security_main"} []
[2022-08-20 04:53:03] request.CRITICAL: Uncaught PHP Exception Symfony\Component\Debug\Exception\FatalThrowableError: "Parse error: syntax error, unexpected 'include' (T_INCLUDE), expecting ';' or '{'" at D:\webbax\modules\avisclients_1\avisclients_1.php line 71 {"exception":"[object] (Symfony\\Component\\Debug\\Exception\\FatalThrowableError(code: 0): Parse error: syntax error, unexpected 'include' (T_INCLUDE), expecting ';' or '{' at D:\\webbax\\modules\\avisclients_1\\avisclients_1.php:71)"} []
[2022-08-20 04:53:10] request.CRITICAL: Uncaught PHP Exception Symfony\Component\Debug\Exception\FatalThrowableError: "Parse error: syntax error, unexpected 'include' (T_INCLUDE), expecting ';' or '{'" at D:\webbax\modules\avisclients_1\avisclients_1.php line 71 {"exception":"[object] (Symfony\\Component\\Debug\\Exception\\FatalThrowableError(code: 0): Parse error: syntax error, unexpected 'include' (T_INCLUDE), expecting ';' or '{' at D:\\webbax\\modules\\avisclients_1\\avisclients_1.php:71)"} []
[2022-08-20 06:13:31] request.CRITICAL: Uncaught PHP Exception Symfony\Component\Filesystem\Exception\IOException: "Cannot rename "D:\webbax\var\cache\prod\app5A98.tmp" to "D:\webbax\var\cache\prod/appProdProjectContainerUrlMatcher.php"." at D:\webbax\vendor\symfony\symfony\src\Symfony\Component\Filesystem\Filesystem.php line 289 {"exception":"[object] (Symfony\\Component\\Filesystem\\Exception\\IOException(code: 0): Cannot rename \"D:\\webbax\\var\\cache\\prod\\app5A98.tmp\" to \"D:\\webbax\\var\\cache\\prod/appProdProjectContainerUrlMatcher.php\". at D:\\webbax\\vendor\\symfony\\symfony\\src\\Symfony\\Component\\Filesystem\\Filesystem.php:289)"} []
[2022-08-20 06:16:11] request.CRITICAL: Uncaught PHP Exception Symfony\Component\Filesystem\Exception\IOException: "Cannot rename "D:\webbax\var\cache\prod\appD3F6.tmp" to "D:\webbax\var\cache\prod/appProdProjectContainerUrlMatcher.php"." at D:\webbax\vendor\symfony\symfony\src\Symfony\Component\Filesystem\Filesystem.php line 289 {"exception":"[object] (Symfony\\Component\\Filesystem\\Exception\\IOException(code: 0): Cannot rename \"D:\\webbax\\var\\cache\\prod\\appD3F6.tmp\" to \"D:\\webbax\\var\\cache\\prod/appProdProjectContainerUrlMatcher.php\". at D:\\webbax\\vendor\\symfony\\symfony\\src\\Symfony\\Component\\Filesystem\\Filesystem.php:289)"} []
[2022-08-20 06:19:33] request.CRITICAL: Uncaught PHP Exception Symfony\Component\Filesystem\Exception\IOException: "Cannot rename "D:\webbax\var\cache\prod\appF2FA.tmp" to "D:\webbax\var\cache\prod/appProdProjectContainerUrlMatcher.php"." at D:\webbax\vendor\symfony\symfony\src\Symfony\Component\Filesystem\Filesystem.php line 289 {"exception":"[object] (Symfony\\Component\\Filesystem\\Exception\\IOException(code: 0): Cannot rename \"D:\\webbax\\var\\cache\\prod\\appF2FA.tmp\" to \"D:\\webbax\\var\\cache\\prod/appProdProjectContainerUrlMatcher.php\". at D:\\webbax\\vendor\\symfony\\symfony\\src\\Symfony\\Component\\Filesystem\\Filesystem.php:289)"} []
[2022-08-20 06:22:07] request.CRITICAL: Uncaught PHP Exception Symfony\Component\Debug\Exception\UndefinedMethodException: "Attempted to call an undefined method named "generateList" of class "stdClass"." at D:\webbax\modules\avisclients_1\avisclients_1.php line 109 {"exception":"[object] (Symfony\\Component\\Debug\\Exception\\UndefinedMethodException(code: 0): Attempted to call an undefined method named \"generateList\" of class \"stdClass\". at D:\\webbax\\modules\\avisclients_1\\avisclients_1.php:109)"} []
[2022-08-20 06:22:22] request.CRITICAL: Uncaught PHP Exception Symfony\Component\Debug\Exception\UndefinedMethodException: "Attempted to call an undefined method named "generateList" of class "stdClass"." at D:\webbax\modules\avisclients_1\avisclients_1.php line 109 {"exception":"[object] (Symfony\\Component\\Debug\\Exception\\UndefinedMethodException(code: 0): Attempted to call an undefined method named \"generateList\" of class \"stdClass\". at D:\\webbax\\modules\\avisclients_1\\avisclients_1.php:109)"} []
[2022-08-20 06:22:39] request.CRITICAL: Uncaught PHP Exception Symfony\Component\Debug\Exception\UndefinedMethodException: "Attempted to call an undefined method named "generateList" of class "stdClass"." at D:\webbax\modules\avisclients_1\avisclients_1.php line 109 {"exception":"[object] (Symfony\\Component\\Debug\\Exception\\UndefinedMethodException(code: 0): Attempted to call an undefined method named \"generateList\" of class \"stdClass\". at D:\\webbax\\modules\\avisclients_1\\avisclients_1.php:109)"} []
[2022-08-20 06:48:00] request.CRITICAL: Uncaught PHP Exception Symfony\Component\Filesystem\Exception\IOException: "Cannot rename "D:\webbax\var\cache\prod\app5121.tmp" to "D:\webbax\var\cache\prod/appProdProjectContainerUrlMatcher.php"." at D:\webbax\vendor\symfony\symfony\src\Symfony\Component\Filesystem\Filesystem.php line 289 {"exception":"[object] (Symfony\\Component\\Filesystem\\Exception\\IOException(code: 0): Cannot rename \"D:\\webbax\\var\\cache\\prod\\app5121.tmp\" to \"D:\\webbax\\var\\cache\\prod/appProdProjectContainerUrlMatcher.php\". at D:\\webbax\\vendor\\symfony\\symfony\\src\\Symfony\\Component\\Filesystem\\Filesystem.php:289)"} []
[2022-08-20 06:48:07] request.CRITICAL: Uncaught PHP Exception Symfony\Component\Debug\Exception\UndefinedMethodException: "Attempted to call an undefined method named "generateList" of class "stdClass"." at D:\webbax\modules\avisclients_1\avisclients_1.php line 109 {"exception":"[object] (Symfony\\Component\\Debug\\Exception\\UndefinedMethodException(code: 0): Attempted to call an undefined method named \"generateList\" of class \"stdClass\". at D:\\webbax\\modules\\avisclients_1\\avisclients_1.php:109)"} []
[2022-08-20 06:54:23] request.CRITICAL: Uncaught PHP Exception Symfony\Component\Debug\Exception\UndefinedMethodException: "Attempted to call an undefined method named "generateList" of class "stdClass"." at D:\webbax\modules\avisclients_1\avisclients_1.php line 109 {"exception":"[object] (Symfony\\Component\\Debug\\Exception\\UndefinedMethodException(code: 0): Attempted to call an undefined method named \"generateList\" of class \"stdClass\". at D:\\webbax\\modules\\avisclients_1\\avisclients_1.php:109)"} []
[2022-08-20 07:00:31] request.CRITICAL: Uncaught PHP Exception Symfony\Component\Debug\Exception\UndefinedMethodException: "Attempted to call an undefined method named "generateList" of class "stdClass"." at D:\webbax\modules\avisclients_1\avisclients_1.php line 109 {"exception":"[object] (Symfony\\Component\\Debug\\Exception\\UndefinedMethodException(code: 0): Attempted to call an undefined method named \"generateList\" of class \"stdClass\". at D:\\webbax\\modules\\avisclients_1\\avisclients_1.php:109)"} []
[2022-08-20 07:10:56] request.CRITICAL: Uncaught PHP Exception Symfony\Component\Debug\Exception\UndefinedMethodException: "Attempted to call an undefined method named "generateList" of class "stdClass"." at D:\webbax\modules\avisclients_1\avisclients_1.php line 109 {"exception":"[object] (Symfony\\Component\\Debug\\Exception\\UndefinedMethodException(code: 0): Attempted to call an undefined method named \"generateList\" of class \"stdClass\". at D:\\webbax\\modules\\avisclients_1\\avisclients_1.php:109)"} []
[2022-08-20 07:21:21] request.CRITICAL: Uncaught PHP Exception Symfony\Component\Debug\Exception\UndefinedMethodException: "Attempted to call an undefined method named "generateList" of class "stdClass"." at D:\webbax\modules\avisclients_1\avisclients_1.php line 109 {"exception":"[object] (Symfony\\Component\\Debug\\Exception\\UndefinedMethodException(code: 0): Attempted to call an undefined method named \"generateList\" of class \"stdClass\". at D:\\webbax\\modules\\avisclients_1\\avisclients_1.php:109)"} []
[2022-08-20 16:13:12] request.CRITICAL: Uncaught PHP Exception Symfony\Component\Debug\Exception\FatalThrowableError: "Parse error: syntax error, unexpected ''required'' (T_CONSTANT_ENCAPSED_STRING), expecting ')'" at D:\webbax\modules\avisclients_1\avisclients_1.php line 237 {"exception":"[object] (Symfony\\Component\\Debug\\Exception\\FatalThrowableError(code: 0): Parse error: syntax error, unexpected ''required'' (T_CONSTANT_ENCAPSED_STRING), expecting ')' at D:\\webbax\\modules\\avisclients_1\\avisclients_1.php:237)"} []
[2022-08-20 16:53:57] request.CRITICAL: Uncaught PHP Exception Symfony\Component\Debug\Exception\FatalThrowableError: "Call to a member function save() on null" at D:\webbax\modules\avisclients_1\avisclients_1.php line 309 {"exception":"[object] (Symfony\\Component\\Debug\\Exception\\FatalThrowableError(code: 0): Call to a member function save() on null at D:\\webbax\\modules\\avisclients_1\\avisclients_1.php:309)"} []
[2022-08-21 02:20:31] request.CRITICAL: Uncaught PHP Exception SmartyException: "unable to write file D:\webbax\var\cache\prod\smarty\compile\64\3b\4d\643b4da6b3d1dee79de33e033ae95653017d4228_0.file.login_addons.tpl.php" at D:\webbax\vendor\smarty\smarty\libs\sysplugins\smarty_internal_runtime_writefile.php line 90 {"exception":"[object] (SmartyException(code: 0): unable to write file D:\\webbax\\var\\cache\\prod\\smarty\\compile\\64\\3b\\4d\\643b4da6b3d1dee79de33e033ae95653017d4228_0.file.login_addons.tpl.php at D:\\webbax\\vendor\\smarty\\smarty\\libs\\sysplugins\\smarty_internal_runtime_writefile.php:90)"} []
[2022-08-21 02:20:31] request.CRITICAL: Uncaught PHP Exception SmartyException: "Invalid compiled template for 'controllers/modules/login_addons.tpl'" at D:\webbax\vendor\smarty\smarty\libs\sysplugins\smarty_template_resource_base.php line 116 {"exception":"[object] (SmartyException(code: 0): Invalid compiled template for 'controllers/modules/login_addons.tpl' at D:\\webbax\\vendor\\smarty\\smarty\\libs\\sysplugins\\smarty_template_resource_base.php:116)"} []
[2022-08-21 02:20:31] request.CRITICAL: Uncaught PHP Exception SmartyException: "unable to write file D:\webbax\var\cache\prod\smarty\compile\64\3b\4d\643b4da6b3d1dee79de33e033ae95653017d4228_0.file.login_addons.tpl.php" at D:\webbax\vendor\smarty\smarty\libs\sysplugins\smarty_internal_runtime_writefile.php line 90 {"exception":"[object] (SmartyException(code: 0): unable to write file D:\\webbax\\var\\cache\\prod\\smarty\\compile\\64\\3b\\4d\\643b4da6b3d1dee79de33e033ae95653017d4228_0.file.login_addons.tpl.php at D:\\webbax\\vendor\\smarty\\smarty\\libs\\sysplugins\\smarty_internal_runtime_writefile.php:90)"} []
[2022-08-21 02:20:31] request.CRITICAL: Uncaught PHP Exception SmartyException: "unable to write file D:\webbax\var\cache\prod\smarty\compile\64\3b\4d\643b4da6b3d1dee79de33e033ae95653017d4228_0.file.login_addons.tpl.php" at D:\webbax\vendor\smarty\smarty\libs\sysplugins\smarty_internal_runtime_writefile.php line 90 {"exception":"[object] (SmartyException(code: 0): unable to write file D:\\webbax\\var\\cache\\prod\\smarty\\compile\\64\\3b\\4d\\643b4da6b3d1dee79de33e033ae95653017d4228_0.file.login_addons.tpl.php at D:\\webbax\\vendor\\smarty\\smarty\\libs\\sysplugins\\smarty_internal_runtime_writefile.php:90)"} []
[2022-08-21 02:20:32] request.CRITICAL: Exception thrown when handling an exception (RuntimeException: Failed to write cache file "D:\webbax\var\cache\prod/twig/50/502b4e3218eb3447b57a7825196369f040b78e6781556dc3516e2802911692b7.php". at D:\webbax\vendor\twig\twig\src\Cache\FilesystemCache.php line 80) {"exception":"[object] (RuntimeException(code: 0): Failed to write cache file \"D:\\webbax\\var\\cache\\prod/twig/50/502b4e3218eb3447b57a7825196369f040b78e6781556dc3516e2802911692b7.php\". at D:\\webbax\\vendor\\twig\\twig\\src\\Cache\\FilesystemCache.php:80)"} []
[2022-08-21 02:20:32] request.CRITICAL: Exception thrown when handling an exception (RuntimeException: Failed to write cache file "D:\webbax\var\cache\prod/twig/50/502b4e3218eb3447b57a7825196369f040b78e6781556dc3516e2802911692b7.php". at D:\webbax\vendor\twig\twig\src\Cache\FilesystemCache.php line 80) {"exception":"[object] (RuntimeException(code: 0): Failed to write cache file \"D:\\webbax\\var\\cache\\prod/twig/50/502b4e3218eb3447b57a7825196369f040b78e6781556dc3516e2802911692b7.php\". at D:\\webbax\\vendor\\twig\\twig\\src\\Cache\\FilesystemCache.php:80)"} []
[2022-08-21 02:20:33] request.CRITICAL: Exception thrown when handling an exception (Twig\Error\RuntimeError: An exception has been thrown during the rendering of a template ("Failed to write cache file "D:\webbax\var\cache\prod/twig/1a/1a0922857ac9b840e06440e49da680a80b593aed4cdd260bb6f0d45293576a2b.php"."). at D:\webbax\src\PrestaShopBundle\Resources\views\Admin\Exception\error.html.twig line 26) {"exception":"[object] (Twig\\Error\\RuntimeError(code: 0): An exception has been thrown during the rendering of a template (\"Failed to write cache file \"D:\\webbax\\var\\cache\\prod/twig/1a/1a0922857ac9b840e06440e49da680a80b593aed4cdd260bb6f0d45293576a2b.php\".\"). at D:\\webbax\\src\\PrestaShopBundle\\Resources\\views\\Admin\\Exception\\error.html.twig:26, RuntimeException(code: 0): Failed to write cache file \"D:\\webbax\\var\\cache\\prod/twig/1a/1a0922857ac9b840e06440e49da680a80b593aed4cdd260bb6f0d45293576a2b.php\". at D:\\webbax\\vendor\\twig\\twig\\src\\Cache\\FilesystemCache.php:80)"} []
[2022-08-21 02:32:48] request.INFO: Matched route "admin_module_configure_action". {"route":"admin_module_configure_action","route_parameters":{"_controller":"PrestaShopBundle\\Controller\\Admin\\Improve\\ModuleController::configureModuleAction","_legacy_controller":"AdminModules","module_name":"avisclients","_route":"admin_module_configure_action"},"request_uri":"http://webbax.ahmed/admin604wgp6sz/index.php/improve/modules/manage/action/configure/avisclients?_token=mIBnxF-4iamlnjkCGOm0z1Mj-GmampE16AZ3KXUfTr8","method":"GET"} []
[2022-08-21 02:32:48] security.DEBUG: Read existing security token from the session. {"key":"_security_main","token_class":"Symfony\\Component\\Security\\Core\\Authentication\\Token\\UsernamePasswordToken"} []
[2022-08-21 02:32:48] security.DEBUG: User was reloaded from a user provider. {"provider":"PrestaShopBundle\\Security\\Admin\\EmployeeProvider","username":"webbax@ctn.fr"} []
[2022-08-21 02:32:54] app.ERROR: Data from PrestaShop Addons is invalid, and cannot fallback on cache. [] []
[2022-08-21 02:32:54] security.DEBUG: Stored the security token in the session. {"key":"_security_main"} []
[2022-08-21 02:40:06] request.CRITICAL: Uncaught PHP Exception Symfony\Component\Filesystem\Exception\IOException: "Cannot rename "D:\webbax\var\cache\prod\app5D55.tmp" to "D:\webbax\var\cache\prod/appProdProjectContainerUrlMatcher.php"." at D:\webbax\vendor\symfony\symfony\src\Symfony\Component\Filesystem\Filesystem.php line 289 {"exception":"[object] (Symfony\\Component\\Filesystem\\Exception\\IOException(code: 0): Cannot rename \"D:\\webbax\\var\\cache\\prod\\app5D55.tmp\" to \"D:\\webbax\\var\\cache\\prod/appProdProjectContainerUrlMatcher.php\". at D:\\webbax\\vendor\\symfony\\symfony\\src\\Symfony\\Component\\Filesystem\\Filesystem.php:289)"} []
[2022-08-21 03:11:16] request.INFO: Matched route "admin_module_manage". {"route":"admin_module_manage","route_parameters":{"category":null,"keyword":null,"_controller":"PrestaShopBundle\\Controller\\Admin\\Improve\\ModuleController::manageAction","_legacy_controller":"AdminModulesManage","_legacy_link":["AdminModulesManage","AdminModulesSf"],"_route":"admin_module_manage"},"request_uri":"http://webbax.ahmed/admin604wgp6sz/index.php/improve/modules/manage?_token=mIBnxF-4iamlnjkCGOm0z1Mj-GmampE16AZ3KXUfTr8","method":"GET"} []
[2022-08-21 03:11:16] security.DEBUG: Read existing security token from the session. {"key":"_security_main","token_class":"Symfony\\Component\\Security\\Core\\Authentication\\Token\\UsernamePasswordToken"} []
[2022-08-21 03:11:16] security.DEBUG: User was reloaded from a user provider. {"provider":"PrestaShopBundle\\Security\\Admin\\EmployeeProvider","username":"webbax@ctn.fr"} []
[2022-08-21 03:11:16] request.CRITICAL: Uncaught PHP Exception Symfony\Component\Debug\Exception\FatalErrorException: "Compile Error: Cannot redeclare Avisclients::renderForm()" at D:\webbax\modules\avisclients\avisclients.php line 202 {"exception":"[object] (Symfony\\Component\\Debug\\Exception\\FatalErrorException(code: 0): Compile Error: Cannot redeclare Avisclients::renderForm() at D:\\webbax\\modules\\avisclients\\avisclients.php:202)"} []
[2022-08-21 03:11:16] security.DEBUG: Stored the security token in the session. {"key":"_security_main"} []
[2022-08-22 17:36:44] request.CRITICAL: Uncaught PHP Exception Symfony\Component\Filesystem\Exception\IOException: "Cannot rename "D:\webbax\var\cache\prod\appA784.tmp" to "D:\webbax\var\cache\prod/appProdProjectContainerUrlMatcher.php"." at D:\webbax\vendor\symfony\symfony\src\Symfony\Component\Filesystem\Filesystem.php line 289 {"exception":"[object] (Symfony\\Component\\Filesystem\\Exception\\IOException(code: 0): Cannot rename \"D:\\webbax\\var\\cache\\prod\\appA784.tmp\" to \"D:\\webbax\\var\\cache\\prod/appProdProjectContainerUrlMatcher.php\". at D:\\webbax\\vendor\\symfony\\symfony\\src\\Symfony\\Component\\Filesystem\\Filesystem.php:289)"} []
[2022-08-22 17:36:44] request.CRITICAL: Uncaught PHP Exception Symfony\Component\Filesystem\Exception\IOException: "Cannot rename "D:\webbax\var\cache\prod\appA891.tmp" to "D:\webbax\var\cache\prod/appProdProjectContainerUrlMatcher.php"." at D:\webbax\vendor\symfony\symfony\src\Symfony\Component\Filesystem\Filesystem.php line 289 {"exception":"[object] (Symfony\\Component\\Filesystem\\Exception\\IOException(code: 0): Cannot rename \"D:\\webbax\\var\\cache\\prod\\appA891.tmp\" to \"D:\\webbax\\var\\cache\\prod/appProdProjectContainerUrlMatcher.php\". at D:\\webbax\\vendor\\symfony\\symfony\\src\\Symfony\\Component\\Filesystem\\Filesystem.php:289)"} []
[2022-08-22 18:09:56] request.INFO: Matched route "admin_module_manage". {"route":"admin_module_manage","route_parameters":{"category":null,"keyword":null,"_controller":"PrestaShopBundle\\Controller\\Admin\\Improve\\ModuleController::manageAction","_legacy_controller":"AdminModulesManage","_legacy_link":["AdminModulesManage","AdminModulesSf"],"_route":"admin_module_manage"},"request_uri":"http://webbax.ahmed/admin604wgp6sz/index.php/improve/modules/manage?_token=mIBnxF-4iamlnjkCGOm0z1Mj-GmampE16AZ3KXUfTr8","method":"GET"} []
[2022-08-22 18:09:56] security.DEBUG: Read existing security token from the session. {"key":"_security_main","token_class":"Symfony\\Component\\Security\\Core\\Authentication\\Token\\UsernamePasswordToken"} []
[2022-08-22 18:09:56] security.DEBUG: User was reloaded from a user provider. {"provider":"PrestaShopBundle\\Security\\Admin\\EmployeeProvider","username":"webbax@ctn.fr"} []
[2022-08-22 18:09:56] request.CRITICAL: Uncaught PHP Exception Symfony\Component\Debug\Exception\FatalErrorException: "Compile Error: Cannot declare class EgSteps, because the name is already in use" at D:\webbax\modules\egstepslisting\classes\Egstepslisting.php line 0 {"exception":"[object] (Symfony\\Component\\Debug\\Exception\\FatalErrorException(code: 0): Compile Error: Cannot declare class EgSteps, because the name is already in use at D:\\webbax\\modules\\egstepslisting\\classes\\Egstepslisting.php:0)"} []
[2022-08-22 18:09:56] security.DEBUG: Stored the security token in the session. {"key":"_security_main"} []
[2022-08-22 18:11:20] request.INFO: Matched route "admin_module_manage". {"route":"admin_module_manage","route_parameters":{"category":null,"keyword":null,"_controller":"PrestaShopBundle\\Controller\\Admin\\Improve\\ModuleController::manageAction","_legacy_controller":"AdminModulesManage","_legacy_link":["AdminModulesManage","AdminModulesSf"],"_route":"admin_module_manage"},"request_uri":"http://webbax.ahmed/admin604wgp6sz/index.php/improve/modules/manage?_token=mIBnxF-4iamlnjkCGOm0z1Mj-GmampE16AZ3KXUfTr8","method":"GET"} []
[2022-08-22 18:11:20] security.DEBUG: Read existing security token from the session. {"key":"_security_main","token_class":"Symfony\\Component\\Security\\Core\\Authentication\\Token\\UsernamePasswordToken"} []
[2022-08-22 18:11:20] security.DEBUG: User was reloaded from a user provider. {"provider":"PrestaShopBundle\\Security\\Admin\\EmployeeProvider","username":"webbax@ctn.fr"} []
[2022-08-22 18:11:20] request.CRITICAL: Uncaught PHP Exception Symfony\Component\Debug\Exception\FatalErrorException: "Compile Error: Cannot declare class EgSteps, because the name is already in use" at D:\webbax\modules\egstepslisting\classes\Egstepslisting.php line 0 {"exception":"[object] (Symfony\\Component\\Debug\\Exception\\FatalErrorException(code: 0): Compile Error: Cannot declare class EgSteps, because the name is already in use at D:\\webbax\\modules\\egstepslisting\\classes\\Egstepslisting.php:0)"} []
[2022-08-22 18:11:20] security.DEBUG: Stored the security token in the session. {"key":"_security_main"} []
[2022-08-22 18:11:48] request.CRITICAL: Uncaught PHP Exception SmartyException: "unable to write file D:\webbax\var\cache\prod\smarty\compile\64\3b\4d\643b4da6b3d1dee79de33e033ae95653017d4228_0.file.login_addons.tpl.php" at D:\webbax\vendor\smarty\smarty\libs\sysplugins\smarty_internal_runtime_writefile.php line 90 {"exception":"[object] (SmartyException(code: 0): unable to write file D:\\webbax\\var\\cache\\prod\\smarty\\compile\\64\\3b\\4d\\643b4da6b3d1dee79de33e033ae95653017d4228_0.file.login_addons.tpl.php at D:\\webbax\\vendor\\smarty\\smarty\\libs\\sysplugins\\smarty_internal_runtime_writefile.php:90)"} []
[2022-08-22 18:11:48] request.CRITICAL: Uncaught PHP Exception SmartyException: "unable to write file D:\webbax\var\cache\prod\smarty\compile\64\3b\4d\643b4da6b3d1dee79de33e033ae95653017d4228_0.file.login_addons.tpl.php" at D:\webbax\vendor\smarty\smarty\libs\sysplugins\smarty_internal_runtime_writefile.php line 90 {"exception":"[object] (SmartyException(code: 0): unable to write file D:\\webbax\\var\\cache\\prod\\smarty\\compile\\64\\3b\\4d\\643b4da6b3d1dee79de33e033ae95653017d4228_0.file.login_addons.tpl.php at D:\\webbax\\vendor\\smarty\\smarty\\libs\\sysplugins\\smarty_internal_runtime_writefile.php:90)"} []
[2022-08-22 18:11:53] request.INFO: Matched route "admin_module_manage". {"route":"admin_module_manage","route_parameters":{"category":null,"keyword":null,"_controller":"PrestaShopBundle\\Controller\\Admin\\Improve\\ModuleController::manageAction","_legacy_controller":"AdminModulesManage","_legacy_link":["AdminModulesManage","AdminModulesSf"],"_route":"admin_module_manage"},"request_uri":"http://webbax.ahmed/admin604wgp6sz/index.php/improve/modules/manage?_token=mIBnxF-4iamlnjkCGOm0z1Mj-GmampE16AZ3KXUfTr8","method":"GET"} []
[2022-08-22 18:11:54] security.DEBUG: Read existing security token from the session. {"key":"_security_main","token_class":"Symfony\\Component\\Security\\Core\\Authentication\\Token\\UsernamePasswordToken"} []
[2022-08-22 18:11:54] security.DEBUG: User was reloaded from a user provider. {"provider":"PrestaShopBundle\\Security\\Admin\\EmployeeProvider","username":"webbax@ctn.fr"} []
[2022-08-22 18:11:55] request.CRITICAL: Uncaught PHP Exception Symfony\Component\Debug\Exception\FatalErrorException: "Compile Error: Cannot declare class EgSteps, because the name is already in use" at D:\webbax\modules\egstepslisting\classes\Egstepslisting.php line 0 {"exception":"[object] (Symfony\\Component\\Debug\\Exception\\FatalErrorException(code: 0): Compile Error: Cannot declare class EgSteps, because the name is already in use at D:\\webbax\\modules\\egstepslisting\\classes\\Egstepslisting.php:0)"} []
[2022-08-22 18:11:55] security.DEBUG: Stored the security token in the session. {"key":"_security_main"} []
[2022-08-22 18:14:39] request.INFO: Matched route "admin_module_manage". {"route":"admin_module_manage","route_parameters":{"category":null,"keyword":null,"_controller":"PrestaShopBundle\\Controller\\Admin\\Improve\\ModuleController::manageAction","_legacy_controller":"AdminModulesManage","_legacy_link":["AdminModulesManage","AdminModulesSf"],"_route":"admin_module_manage"},"request_uri":"http://webbax.ahmed/admin604wgp6sz/index.php/improve/modules/manage?_token=mIBnxF-4iamlnjkCGOm0z1Mj-GmampE16AZ3KXUfTr8","method":"GET"} []
[2022-08-22 18:14:39] security.DEBUG: Read existing security token from the session. {"key":"_security_main","token_class":"Symfony\\Component\\Security\\Core\\Authentication\\Token\\UsernamePasswordToken"} []
[2022-08-22 18:14:39] security.DEBUG: User was reloaded from a user provider. {"provider":"PrestaShopBundle\\Security\\Admin\\EmployeeProvider","username":"webbax@ctn.fr"} []
[2022-08-22 18:14:39] request.CRITICAL: Uncaught PHP Exception Symfony\Component\Debug\Exception\FatalErrorException: "Compile Error: Cannot declare class EgSteps, because the name is already in use" at D:\webbax\modules\egstepslisting\classes\Egstepslisting.php line 0 {"exception":"[object] (Symfony\\Component\\Debug\\Exception\\FatalErrorException(code: 0): Compile Error: Cannot declare class EgSteps, because the name is already in use at D:\\webbax\\modules\\egstepslisting\\classes\\Egstepslisting.php:0)"} []
[2022-08-22 18:14:39] security.DEBUG: Stored the security token in the session. {"key":"_security_main"} []
[2022-08-22 18:15:11] request.INFO: Matched route "admin_module_manage". {"route":"admin_module_manage","route_parameters":{"category":null,"keyword":null,"_controller":"PrestaShopBundle\\Controller\\Admin\\Improve\\ModuleController::manageAction","_legacy_controller":"AdminModulesManage","_legacy_link":["AdminModulesManage","AdminModulesSf"],"_route":"admin_module_manage"},"request_uri":"http://webbax.ahmed/admin604wgp6sz/index.php/improve/modules/manage?_token=mIBnxF-4iamlnjkCGOm0z1Mj-GmampE16AZ3KXUfTr8","method":"GET"} []
[2022-08-22 18:15:11] security.DEBUG: Read existing security token from the session. {"key":"_security_main","token_class":"Symfony\\Component\\Security\\Core\\Authentication\\Token\\UsernamePasswordToken"} []
[2022-08-22 18:15:11] security.DEBUG: User was reloaded from a user provider. {"provider":"PrestaShopBundle\\Security\\Admin\\EmployeeProvider","username":"webbax@ctn.fr"} []
[2022-08-22 18:15:12] request.CRITICAL: Uncaught PHP Exception Symfony\Component\Debug\Exception\FatalErrorException: "Compile Error: Cannot declare class Testimonial, because the name is already in use" at D:\webbax\modules\testimonial\classes\Testimonial.php line 0 {"exception":"[object] (Symfony\\Component\\Debug\\Exception\\FatalErrorException(code: 0): Compile Error: Cannot declare class Testimonial, because the name is already in use at D:\\webbax\\modules\\testimonial\\classes\\Testimonial.php:0)"} []
[2022-08-22 18:15:12] security.DEBUG: Stored the security token in the session. {"key":"_security_main"} []
